# Preference setting overrides
gui_create_pref_key -category {Globals} -key {load_detail_for_funcov} -value_type {bool} -value {false}

# State setting overrides
gui_state_default_create -off -ini
gui_set_state_value -category Globals -key recent_databases -value {{gui_open_db -file /home/khk1262/verilog/con_test_lb.vpd -design V1} {gui_open_db -file /home/khk1262/verilog/con_test.vpd -design V1} {gui_open_db -file /home/khk1262/verilog/con_test.vpd -design V2} {gui_open_db -file /home/khk1262/test/con_test.vpd -design V1} {gui_open_db -file /home/khk1262/test/mem_test3.vpd -design V2}}
gui_set_state_value -category Layout -key child_console_size_x -value 1315
gui_set_state_value -category Layout -key child_console_size_y -value 144
gui_set_state_value -category Layout -key child_data_coltype -value 55
gui_set_state_value -category Layout -key child_data_colvalue -value 115
gui_set_state_value -category Layout -key child_data_colvariable -value 155
gui_set_state_value -category Layout -key child_data_size_x -value 307
gui_set_state_value -category Layout -key child_data_size_y -value 473
gui_set_state_value -category Layout -key child_hier_col3 -value {-1}
gui_set_state_value -category Layout -key child_hier_colpd -value 0
gui_set_state_value -category Layout -key child_hier_size_x -value 139
gui_set_state_value -category Layout -key child_hier_size_y -value 473
gui_set_state_value -category Layout -key child_hier_sort_order -value 1
gui_set_state_value -category Layout -key child_source_docknewline -value false
gui_set_state_value -category Layout -key child_source_pos_x -value {-2}
gui_set_state_value -category Layout -key child_source_pos_y -value {-15}
gui_set_state_value -category Layout -key child_source_size_x -value 872
gui_set_state_value -category Layout -key child_source_size_y -value 468
gui_set_state_value -category Layout -key child_wave_colname -value 194
gui_set_state_value -category Layout -key child_wave_colvalue -value 195
gui_set_state_value -category Layout -key child_wave_left -value 393
gui_set_state_value -category Layout -key child_wave_right -value 1698
gui_set_state_value -category Layout -key main_pos_x -value 565
gui_set_state_value -category Layout -key main_pos_y -value 237
gui_set_state_value -category Layout -key main_size_x -value 1880
gui_set_state_value -category Layout -key main_size_y -value 949
gui_set_state_value -category Layout -key stand_source_child_docknewline -value false
gui_set_state_value -category Layout -key stand_source_child_pos_x -value {-2}
gui_set_state_value -category Layout -key stand_source_child_pos_y -value {-15}
gui_set_state_value -category Layout -key stand_source_child_size_x -value 869
gui_set_state_value -category Layout -key stand_source_child_size_y -value 468
gui_set_state_value -category Layout -key stand_wave_child_docknewline -value false
gui_set_state_value -category Layout -key stand_wave_child_pos_x -value {-2}
gui_set_state_value -category Layout -key stand_wave_child_pos_y -value {-15}
gui_set_state_value -category Layout -key stand_wave_child_size_x -value 2101
gui_set_state_value -category Layout -key stand_wave_child_size_y -value 799
gui_set_state_value -category Layout -key stand_wave_top_pos_x -value 182
gui_set_state_value -category Layout -key stand_wave_top_pos_y -value 121
gui_set_state_value -category Layout -key stand_wave_top_size_x -value 2278
gui_set_state_value -category Layout -key stand_wave_top_size_y -value 997
gui_create_state_key -category FindDialog -key m_pMatchCase -value_type bool -value false
gui_create_state_key -category FindDialog -key m_pMatchWord -value_type bool -value false
gui_create_state_key -category FindDialog -key m_pUseCombo -value_type string -value {}
gui_create_state_key -category FindDialog -key m_pWrapAround -value_type bool -value true
gui_create_state_key -category Widget_History -key dlgSearchValue|m_ValueComboBox -value_type string -value {509 1535 13187 12161 261126}
gui_create_state_key -category Widget_History -key {dlgSimSetup|m_setupTab|tab pages|SimTab|m_VPDCombo} -value_type string -value inter.vpd
gui_create_state_key -category Widget_History -key {dlgSimSetup|m_setupTab|tab pages|SimTab|m_curDirCombo} -value_type string -value /home/khk1262/test
gui_create_state_key -category Widget_History -key {dlgSimSetup|m_setupTab|tab pages|SimTab|m_exeCombo} -value_type string -value simv
gui_state_default_create -off

# Begin command logging
gui_open_db -file /home/khk1262/verilog/con_test_lb.vpd -design V1
gui_list_select -id Data.1 -selected  { top.rst   }
gui_list_select -id Data.1 -selected  { top.rst  top.clk  top.i_en  {top.din[15:0]}  top.done  top.o_en  {top.result[19:0]}   }
gui_list_select -id Data.1 -selected  { {top.w_ad[18:0]}   }
gui_list_select -id Data.1 -selected  { top.rst   }
gui_list_select -id Data.1 -selected  { top.rst  top.clk  top.i_en  {top.din[15:0]}  top.done  top.o_en   }
gui_list_select -id Data.1 -selected  { top.rst  top.clk  top.i_en  {top.din[15:0]}  top.done  top.o_en  {top.result[19:0]}   }
gui_open_window Wave
gui_list_add -id Wave.1 -from Data.1 { top.rst top.clk top.i_en {top.din[15:0]} top.done top.o_en {top.result[19:0]} } -insertionbar
gui_list_expand -id Hier.1   top
gui_list_action -id  Hier.1 top
gui_list_select -id Hier.1 -current_item_name top.u0 -current_item_type Scope  -selected  { top.u0   }
gui_list_select -id Data.1 -selected  { {top.u0.row[2:0]}   }
gui_list_select -id Data.1 -selected  { {top.u0.col[2:0]}   }
gui_list_select -id Data.1 { {top.u0.col[2:0]}  top.u0.wen  top.u0.csn  {top.u0.din[15:0]}  {top.u0.temp_din[15:0]}  top.u0.i_en  top.u0.done  top.u0.o_en  {top.u0.dout[15:0]}  {top.u0.result[18:0]}  {top.u0.temp_sum[18:0]}  top.u0.c_r_en  {top.u0.din_ad[10:0]}  {top.u0.mul[4:0]}  {top.u0.count[3:0]}  top.u0.state  top.u0.w_state  {top.u0.f_cnt[2:0]}  {top.u0.ad[10:0]}  {top.u0.sum[19:0]}  {top.u0.temp_flip[19:0]}  {top.u0.sum_flip[19:0]}  {top.u0.w_ptr[10:0]}  {top.u0.r_ptr[10:0]}  {top.u0.r_ptr_temp[10:0]}  {top.u0.r_cnt[10:0]}  {top.u0.t_cnt[10:0]}  {top.u0.row[2:0]}  {top.u0.col[2:0]}   }
gui_list_create_group_when_add -wave -enable
gui_list_add -id Wave.1 -from Data.1 { top.u0.wen top.u0.csn {top.u0.din[15:0]} {top.u0.temp_din[15:0]} top.u0.i_en top.u0.done top.u0.o_en {top.u0.dout[15:0]} {top.u0.result[18:0]} {top.u0.temp_sum[18:0]} top.u0.c_r_en {top.u0.din_ad[10:0]} {top.u0.mul[4:0]} {top.u0.count[3:0]} top.u0.state top.u0.w_state {top.u0.f_cnt[2:0]} {top.u0.ad[10:0]} {top.u0.sum[19:0]} {top.u0.temp_flip[19:0]} {top.u0.sum_flip[19:0]} {top.u0.w_ptr[10:0]} {top.u0.r_ptr[10:0]} {top.u0.r_ptr_temp[10:0]} {top.u0.r_cnt[10:0]} {top.u0.t_cnt[10:0]} {top.u0.row[2:0]} {top.u0.col[2:0]} } -insertionbar
gui_list_select -id Wave.1 -selected  { {top.u0.temp_din[15:0]}   }
gui_list_select -id Wave.1 -selected  { {top.u0.din[15:0]}   }
gui_list_select -id Wave.1 -selected  { top.u0.o_en   }
gui_list_select -id Wave.1 -selected  { {top.u0.temp_din[15:0]}   }
gui_list_select -id Wave.1 -selected  { {top.u0.din[15:0]}   }
gui_marker_move -id  Wave.1 C1 80
gui_zoom -window Wave.1 -factor 0.5
gui_zoom -window Wave.1 -factor 0.5
gui_zoom -window Wave.1 -factor 0.5
gui_zoom -window Wave.1 -factor 0.5
gui_zoom -window Wave.1 -factor 0.5
gui_zoom -window Wave.1 -factor 0.5
gui_zoom -window Wave.1 -factor 0.5
gui_zoom -window Wave.1 -factor 0.5
gui_zoom -window Wave.1 -factor 0.5
gui_wv_scroll_hslidermove -id  Wave.1 0
gui_list_select -id Wave.1 -selected  { top.u0.i_en   }
gui_list_select -id Wave.1 -selected  { {top.u0.temp_din[15:0]}   }
gui_list_select -id Wave.1 -selected  { {top.u0.din[15:0]}   }
gui_marker_move -id  Wave.1 C1 90036
gui_zoom -window Wave.1 -factor 0.5
gui_zoom -window Wave.1 -factor 0.5
gui_zoom -window Wave.1 -factor 0.5
gui_zoom -window Wave.1 -factor 0.5
gui_marker_move -id  Wave.1 C1 256795
gui_zoom -window Wave.1 -factor 2
gui_zoom -window Wave.1 -factor 2
gui_zoom -window Wave.1 -factor 2
gui_zoom -window Wave.1 -factor 2
gui_zoom -window Wave.1 -factor 2
gui_zoom -window Wave.1 -factor 2
gui_zoom -window Wave.1 -factor 2
gui_zoom -window Wave.1 -factor 2
gui_zoom -window Wave.1 -factor 2
gui_zoom -window Wave.1 -factor 2
gui_zoom -window Wave.1 -factor 2
gui_list_select -id Wave.1 -selected  { {top.u0.f_cnt[2:0]}   }
gui_src_highlight_item -id Source.1 -lfrom 25 -idxfrom 17 -fileIdFrom 0 -lto 26 -idxto 3 -fileIdTo 0 -selection {
end} -selectionId 0 -replace 0
gui_save_session -reload -default_file
gui_set_pref_value -category {Globals} -key {use_mhpi_lookup} -value {false}
gui_set_pref_value -category {Globals} -key {use_mhpi_lookup} -value {true}
gui_list_select -id Wave.1 -selected  { {top.result[19:0]}   }
gui_wv_scrollleft -id  Wave.1  line
gui_wv_scrollleft -id  Wave.1  line
gui_wv_scrollleft -id  Wave.1  line
gui_wv_scrollleft -id  Wave.1  line
gui_wv_scrollleft -id  Wave.1  line
gui_wv_scrollleft -id  Wave.1  line
gui_wv_scrollleft -id  Wave.1  line
gui_wv_scrollleft -id  Wave.1  line
gui_wv_scrollleft -id  Wave.1  line
gui_wv_scrollleft -id  Wave.1  line
gui_wv_scrollleft -id  Wave.1  line
gui_wv_scrollleft -id  Wave.1  line
gui_marker_move -id  Wave.1 C1 256785
gui_list_select -id Wave.1 -selected  { {top.u0.result[18:0]}   }
gui_zoom -window Wave.1 -factor 0.5
gui_zoom -window Wave.1 -factor 0.5
gui_zoom -window Wave.1 -factor 0.5
gui_zoom -window Wave.1 -factor 0.5
gui_list_select -id Wave.1 -selected  { {top.u0.sum_flip[19:0]}   }
gui_delete_selected -id  Wave.1
gui_list_select -id Wave.1 -selected  { {top.u0.w_ptr[10:0]}   }
gui_list_select -id Wave.1 -selected  { {top.u0.temp_flip[19:0]}   }
gui_delete_selected -id  Wave.1
gui_list_select -id Wave.1 -selected  { {top.u0.w_ptr[10:0]}   }
gui_list_select -id Wave.1 -selected  { {top.u0.sum[19:0]}   }
gui_delete_selected -id  Wave.1
gui_list_select -id Wave.1 -selected  { {top.u0.w_ptr[10:0]}   }
gui_list_select -id Wave.1 -selected  { {top.u0.mul[4:0]}   }
gui_delete_selected -id  Wave.1
gui_list_select -id Wave.1 -selected  { {top.u0.count[3:0]}   }
gui_list_select -id Wave.1 -selected  { {top.u0.din_ad[10:0]}   }
gui_delete_selected -id  Wave.1
gui_list_select -id Wave.1 -selected  { {top.u0.count[3:0]}   }
gui_list_select -id Wave.1 -selected  { {top.u0.temp_sum[18:0]}   }
gui_delete_selected -id  Wave.1
gui_list_select -id Wave.1 -selected  { top.u0.c_r_en   }
gui_list_select -id Wave.1 -selected  { top.u0.o_en   }
gui_list_select -id Wave.1 -selected  { top.u0.done   }
gui_list_select -id Wave.1 -selected  { top.u0.i_en   }
gui_list_select -id Wave.1 -selected  { {top.u0.temp_din[15:0]}   }
gui_list_select -id Wave.1 -selected  { top.u0.state   }
gui_zoom -window Wave.1 -factor 0.5
gui_zoom -window Wave.1 -factor 2
gui_zoom -window Wave.1 -factor 2
gui_zoom -window Wave.1 -factor 2
gui_zoom -window Wave.1 -factor 2
gui_zoom -window Wave.1 -factor 2
gui_zoom -window Wave.1 -factor 2
gui_zoom -window Wave.1 -factor 2
gui_zoom -window Wave.1 -factor 0.5
gui_zoom -window Wave.1 -factor 2
gui_wv_scrollright -id  Wave.1  line
gui_wv_scrollright -id  Wave.1  line
gui_wv_scrollright -id  Wave.1  line
gui_wv_scrollright -id  Wave.1  line
gui_wv_scrollright -id  Wave.1  line
gui_wv_scrollright -id  Wave.1  line
gui_list_select -id Wave.1 -selected  { {top.result[19:0]}   }
gui_list_expand -id  Wave.1   {top.result[19:0]}
gui_list_collapse -id  Wave.1   {top.result[19:0]}
gui_wv_scrollright -id  Wave.1  line
gui_wv_scrollright -id  Wave.1  line
gui_wv_scrollright -id  Wave.1  line
gui_wv_scrollright -id  Wave.1  line
gui_wv_scrollright -id  Wave.1  line
gui_wv_scrollright -id  Wave.1  line
gui_wv_scrollright -id  Wave.1  line
gui_wv_scrollright -id  Wave.1  line
gui_wv_scrollright -id  Wave.1  line
gui_wv_scrollright -id  Wave.1  line
gui_wv_scrollright -id  Wave.1  line
gui_wv_scrollright -id  Wave.1  line
gui_wv_scrollright -id  Wave.1  line
gui_wv_scrollright -id  Wave.1  line
gui_wv_scrollright -id  Wave.1  line
gui_wv_scrollleft -id  Wave.1  line
gui_wv_scrollleft -id  Wave.1  line
gui_wv_scrollleft -id  Wave.1  line
gui_wv_scrollleft -id  Wave.1  line
gui_wv_scrollleft -id  Wave.1  line
gui_wv_scrollleft -id  Wave.1  line
gui_wv_scrollleft -id  Wave.1  line
gui_wv_scrollleft -id  Wave.1  line
gui_wv_scrollleft -id  Wave.1  line
gui_wv_scrollleft -id  Wave.1  line
gui_wv_scrollleft -id  Wave.1  line
gui_wv_scrollleft -id  Wave.1  line
gui_list_select -id Wave.1 -selected  { {top.u0.w_ptr[10:0]}   }
gui_list_select -id Wave.1 -selected  { {top.u0.r_ptr[10:0]}   }
gui_list_select -id Wave.1 -selected  { {top.u0.w_ptr[10:0]}   }
gui_list_select -id Wave.1 -selected  { {top.u0.r_ptr[10:0]}   }
gui_list_select -id Wave.1 -selected  { {top.u0.w_ptr[10:0]}   }
gui_list_select -id Wave.1 -selected  { Group2   }
gui_list_select -id Wave.1 -selected  { {top.u0.w_ptr[10:0]}   }
gui_zoom -window  Wave.1  -full
gui_zoom -window Wave.1 -factor 2
gui_zoom -window Wave.1 -factor 2
gui_zoom -window Wave.1 -factor 2
gui_zoom -window Wave.1 -factor 2
gui_zoom -window Wave.1 -factor 2
gui_zoom -window Wave.1 -factor 2
gui_zoom -window Wave.1 -factor 2
gui_zoom -window Wave.1 -factor 2
gui_zoom -window Wave.1 -factor 2
gui_zoom -window Wave.1 -factor 2
gui_zoom -window Wave.1 -factor 2
gui_zoom -window Wave.1 -factor 2
gui_zoom -window Wave.1 -factor 2
gui_zoom -window Wave.1 -factor 2
gui_zoom -window Wave.1 -factor 2
gui_zoom -window Wave.1 -factor 2
gui_zoom -window Wave.1 -factor 2
gui_wv_scrollleft -id  Wave.1  line
gui_wv_scrollleft -id  Wave.1  line
gui_wv_scrollleft -id  Wave.1  line
gui_wv_scrollleft -id  Wave.1  line
gui_wv_scrollleft -id  Wave.1  line
gui_wv_scrollleft -id  Wave.1  line
gui_wv_scrollleft -id  Wave.1  line
gui_wv_scrollleft -id  Wave.1  line
gui_wv_scrollleft -id  Wave.1  line
gui_wv_scrollleft -id  Wave.1  line
gui_wv_scrollleft -id  Wave.1  line
gui_wv_scrollleft -id  Wave.1  line
gui_wv_scrollleft -id  Wave.1  line
gui_wv_scrollleft -id  Wave.1  line
gui_wv_scrollright -id  Wave.1  line
gui_wv_scrollright -id  Wave.1  line
gui_list_set_selected_property -id Wave.1 -radix decimal
gui_list_select -id Wave.1 -selected  { {top.u0.ad[10:0]}   }
gui_list_set_selected_property -id Wave.1 -radix decimal
gui_list_select -id Wave.1 -selected  { {top.u0.r_ptr_temp[10:0]}   }
gui_list_set_selected_property -id Wave.1 -radix decimal
gui_scroll -window Wave.1 -hrel .2
gui_scroll -window Wave.1 -hrel .2
gui_scroll -window Wave.1 -hrel .2
gui_scroll -window Wave.1 -hrel .2
gui_list_select -id Wave.1 -selected  { {top.u0.result[18:0]}   }
gui_list_select -id Wave.1 -selected  { {top.u0.count[3:0]}   }
gui_list_select -id Wave.1 -selected  { top.u0.c_r_en   }
gui_list_select -id Wave.1 -selected  { {top.u0.count[3:0]}   }
gui_list_select -id Wave.1 -selected  { top.u0.w_state   }
gui_list_select -id Wave.1 -selected  { {top.u0.dout[15:0]}   }
gui_list_move  -id  Wave.1    -sid  Wave.1   -after top.u0.o_en {{top.u0.dout[15:0]}} 
gui_list_select -id Wave.1 -selected  { top.u0.o_en   }
gui_wv_scrollright -id  Wave.1  line
gui_wv_scrollright -id  Wave.1  line
gui_wv_scrollright -id  Wave.1  line
gui_wv_scrollright -id  Wave.1  line
gui_wv_scrollright -id  Wave.1  line
gui_wv_scrollright -id  Wave.1  line
gui_wv_scrollright -id  Wave.1  line
gui_list_select -id Wave.1 -selected  { top.u0.c_r_en   }
gui_list_select -id Wave.1 -selected  { {top.u0.r_cnt[10:0]}   }
gui_marker_move -id  Wave.1 C1 256795
gui_list_select -id Wave.1 -selected  { top.u0.w_state   }
gui_list_select -id Wave.1 -selected  { top.u0.state   }
gui_list_select -id Wave.1 -selected  { top.u0.w_state   }
gui_wv_scrollleft -id  Wave.1  line
gui_wv_scrollleft -id  Wave.1  line
gui_marker_move -id  Wave.1 C1 256785
gui_marker_move -id  Wave.1 C1 256795
gui_marker_move -id  Wave.1 C1 256795
gui_marker_move -id  Wave.1 C1 256802
gui_marker_move -id  Wave.1 C1 256810
gui_list_select -id Wave.1 -selected  { {top.u0.r_cnt[10:0]}   }
gui_seek_criteria -id Wave.1 "Value..." 
gui_seek_value  509
gui_seek_next -id Wave.1 -number 1 
gui_seek_next -id Wave.1 -number 1 
gui_seek_previous -id Wave.1 -number 1 
gui_seek_next -id Wave.1 -number 1 
gui_list_set_selected_property -id Wave.1 -radix decimal
gui_seek_next -id Wave.1 -number 1 
gui_list_select -id Wave.1 -selected  { top.u0.c_r_en   }
gui_wv_scrollright -id  Wave.1  line
gui_wv_scrollright -id  Wave.1  line
gui_wv_scrollright -id  Wave.1  line
gui_wv_scrollright -id  Wave.1  line
gui_wv_scrollright -id  Wave.1  line
gui_wv_scrollright -id  Wave.1  line
gui_list_select -id Wave.1 -selected  { {top.u0.r_ptr[10:0]}   }
gui_list_set_selected_property -id Wave.1 -radix decimal
gui_list_select -id Wave.1 -selected  { {top.u0.w_ptr[10:0]}   }
gui_list_select -id Wave.1 -selected  { top.u0.state   }
gui_list_select -id Wave.1 -selected  { {top.u0.w_ptr[10:0]}   }
gui_list_select -id Wave.1 -selected  { {top.u0.r_ptr[10:0]}   }
gui_wv_scrollright -id  Wave.1  line
gui_wv_scrollright -id  Wave.1  line
gui_wv_scrollright -id  Wave.1  line
gui_wv_scrollright -id  Wave.1  line
gui_zoom -window  Wave.1  -full
gui_zoom -window Wave.1 -factor 2
gui_zoom -window Wave.1 -factor 2
gui_zoom -window Wave.1 -factor 2
gui_zoom -window Wave.1 -factor 2
gui_zoom -window Wave.1 -factor 2
gui_zoom -window Wave.1 -factor 2
gui_zoom -window Wave.1 -factor 2
gui_zoom -window Wave.1 -factor 2
gui_zoom -window Wave.1 -factor 2
gui_zoom -window Wave.1 -factor 2
gui_zoom -window Wave.1 -factor 2
gui_zoom -window Wave.1 -factor 2
gui_zoom -window Wave.1 -factor 2
gui_zoom -window Wave.1 -factor 2
gui_zoom -window Wave.1 -factor 2
gui_zoom -window Wave.1 -factor 2
gui_zoom -window Wave.1 -factor 2
gui_zoom -window Wave.1 -factor 2
gui_zoom -window Wave.1 -factor 2
gui_zoom -window Wave.1 -factor 2
gui_zoom -window Wave.1 -factor 2
gui_zoom -window Wave.1 -factor 2
gui_zoom -window Wave.1 -factor 0.5
gui_zoom -window Wave.1 -factor 0.5
gui_zoom -window Wave.1 -factor 0.5
gui_zoom -window Wave.1 -factor 0.5
gui_zoom -window Wave.1 -factor 0.5
gui_zoom -window Wave.1 -factor 0.5
gui_zoom -window Wave.1 -factor 2
gui_marker_move -id  Wave.1 C1 383957
gui_wv_scrollright -id  Wave.1  line
gui_wv_scrollright -id  Wave.1  line
gui_wv_scrollright -id  Wave.1  line
gui_wv_scrollright -id  Wave.1  line
gui_wv_scrollright -id  Wave.1  line
gui_wv_scrollright -id  Wave.1  line
gui_wv_scrollright -id  Wave.1  line
gui_wv_scrollright -id  Wave.1  line
gui_wv_scrollright -id  Wave.1  line
gui_wv_scrollright -id  Wave.1  line
gui_wv_scrollright -id  Wave.1  line
gui_wv_scrollright -id  Wave.1  line
gui_wv_scrollright -id  Wave.1  line
gui_wv_scrollright -id  Wave.1  line
gui_wv_scrollright -id  Wave.1  line
gui_wv_scrollright -id  Wave.1  line
gui_wv_scrollright -id  Wave.1  line
gui_wv_scrollright -id  Wave.1  line
gui_wv_scrollright -id  Wave.1  line
gui_wv_scrollright -id  Wave.1  line
gui_wv_scrollright -id  Wave.1  line
gui_wv_scrollright -id  Wave.1  line
gui_list_select -id Wave.1 -selected  { {top.u0.dout[15:0]}   }
gui_list_select -id Wave.1 -selected  { top.u0.c_r_en   }
gui_wv_scrollright -id  Wave.1  line
gui_wv_scrollright -id  Wave.1  line
gui_wv_scrollright -id  Wave.1  line
gui_wv_scrollright -id  Wave.1  line
gui_wv_scrollright -id  Wave.1  line
gui_wv_scrollright -id  Wave.1  line
gui_wv_scrollright -id  Wave.1  line
gui_wv_scrollright -id  Wave.1  line
gui_wv_scrollright -id  Wave.1  line
gui_wv_scrollright -id  Wave.1  line
gui_wv_scrollright -id  Wave.1  line
gui_wv_scrollright -id  Wave.1  line
gui_wv_scrollright -id  Wave.1  line
gui_wv_scrollright -id  Wave.1  line
gui_wv_scrollleft -id  Wave.1  line
gui_list_select -id Wave.1 -selected  { {top.u0.w_ptr[10:0]}   }
gui_list_select -id Wave.1 -selected  { {top.u0.r_ptr[10:0]}   }
gui_wv_scrollleft -id  Wave.1  line
gui_wv_scrollleft -id  Wave.1  line
gui_wv_scrollleft -id  Wave.1  line
gui_wv_scrollleft -id  Wave.1  line
gui_wv_scrollleft -id  Wave.1  line
gui_wv_scrollleft -id  Wave.1  line
gui_wv_scrollleft -id  Wave.1  line
gui_wv_scrollleft -id  Wave.1  line
gui_wv_scrollleft -id  Wave.1  line
gui_wv_scrollleft -id  Wave.1  line
gui_wv_scrollleft -id  Wave.1  line
gui_wv_scrollleft -id  Wave.1  line
gui_wv_scrollleft -id  Wave.1  line
gui_wv_scrollleft -id  Wave.1  line
gui_wv_scrollleft -id  Wave.1  line
gui_wv_scrollleft -id  Wave.1  line
gui_wv_scrollleft -id  Wave.1  line
gui_wv_scrollleft -id  Wave.1  line
gui_wv_scrollleft -id  Wave.1  line
gui_wv_scrollleft -id  Wave.1  line
gui_wv_scrollleft -id  Wave.1  line
gui_save_session -reload -default_file
gui_set_pref_value -category {Globals} -key {use_mhpi_lookup} -value {false}
gui_set_pref_value -category {Globals} -key {use_mhpi_lookup} -value {true}
gui_marker_move -id  Wave.1 C1 384028
gui_zoom -window Wave.1 -factor 0.5
gui_zoom -window Wave.1 -factor 0.5
gui_zoom -window Wave.1 -factor 0.5
gui_zoom -window Wave.1 -factor 0.5
gui_zoom -window Wave.1 -factor 0.5
gui_zoom -window Wave.1 -factor 0.5
gui_zoom -window Wave.1 -factor 0.5
gui_zoom -window Wave.1 -factor 0.5
gui_zoom -window Wave.1 -factor 0.5
gui_marker_move -id  Wave.1 C1 256795
gui_marker_move -id  Wave.1 C1 333318
gui_marker_move -id  Wave.1 C1 376420
gui_save_session -reload -default_file
gui_set_pref_value -category {Globals} -key {use_mhpi_lookup} -value {false}
gui_set_pref_value -category {Globals} -key {use_mhpi_lookup} -value {true}
gui_list_select -id Wave.1 -selected  { top.u0.c_r_en   }
gui_list_select -id Wave.1 -selected  { top.u0.o_en   }
gui_marker_move -id  Wave.1 C1 256795
gui_wv_scroll_hslidermove -id  Wave.1 339324
gui_wv_scroll_hslidermove -id  Wave.1 339324
gui_marker_move -id  Wave.1 C1 5991875
gui_marker_move -id  Wave.1 C1 5996280
gui_marker_select -id  Wave.1 { C1 }
gui_zoom -window Wave.1 -factor 2
gui_zoom -window Wave.1 -factor 2
gui_zoom -window Wave.1 -factor 2
gui_zoom -window Wave.1 -factor 2
gui_zoom -window Wave.1 -factor 2
gui_zoom -window Wave.1 -factor 2
gui_zoom -window Wave.1 -factor 2
gui_zoom -window Wave.1 -factor 2
gui_list_select -id Wave.1 -selected  { {top.result[19:0]}   }
gui_list_add  -id  Wave.1   -after {top.result[19:0]} {{top.result[19:0]}} 
gui_list_action -id  Wave.1 {top.result[19:0]}
gui_get_drivers -id Wave.1 -signal {top.result[19:0]}
gui_list_select -id Wave.1 -selected  { {top.result[19:0]}   }
gui_delete_selected -id  Wave.1
gui_list_select -id Wave.1 -selected  { {top.result[19:0]}   }
gui_wv_scrollright -id  Wave.1  line
gui_wv_scrollright -id  Wave.1  line
gui_wv_scrollright -id  Wave.1  page
gui_wv_scroll_hslidermove -id  Wave.1 87159994
gui_marker_move -id  Wave.1 C1 65281652
gui_wv_scroll_hslidermove -id  Wave.1 429360
gui_marker_move -id  Wave.1 C1 321645
gui_zoom -window Wave.1 -factor 0.5
gui_zoom -window Wave.1 -factor 0.5
gui_zoom -window Wave.1 -factor 0.5
gui_zoom -window Wave.1 -factor 0.5
gui_zoom -window Wave.1 -factor 0.5
gui_zoom -window Wave.1 -factor 0.5
gui_wv_scrollleft -id  Wave.1  line
gui_wv_scrollleft -id  Wave.1  line
gui_wv_scrollleft -id  Wave.1  line
gui_wv_scrollleft -id  Wave.1  line
gui_wv_scrollleft -id  Wave.1  line
gui_wv_scrollleft -id  Wave.1  line
gui_wv_scrollleft -id  Wave.1  line
gui_wv_scrollleft -id  Wave.1  line
gui_wv_scrollleft -id  Wave.1  line
gui_wv_scrollleft -id  Wave.1  line
gui_wv_scrollleft -id  Wave.1  line
gui_wv_scrollleft -id  Wave.1  line
gui_wv_scrollleft -id  Wave.1  line
gui_wv_scrollleft -id  Wave.1  line
gui_wv_scrollleft -id  Wave.1  line
gui_wv_scrollleft -id  Wave.1  line
gui_wv_scrollleft -id  Wave.1  line
gui_wv_scrollleft -id  Wave.1  line
gui_marker_move -id  Wave.1 C1 256785
gui_zoom -window Wave.1 -factor 2
gui_zoom -window Wave.1 -factor 2
gui_zoom -window Wave.1 -factor 2
gui_zoom -window Wave.1 -factor 2
gui_wv_scroll_hslidermove -id  Wave.1 21764055
gui_list_select -id Wave.1 -selected  { top.u0.done   }
gui_wv_scroll_hslidermove -id  Wave.1 76580
gui_zoom -window Wave.1 -factor 0.5
gui_zoom -window Wave.1 -factor 0.5
gui_zoom -window Wave.1 -factor 0.5
gui_zoom -window Wave.1 -factor 0.5
gui_zoom -window Wave.1 -factor 0.5
gui_zoom -window Wave.1 -factor 2
gui_zoom -window Wave.1 -factor 2
gui_zoom -window Wave.1 -factor 2
gui_zoom -window Wave.1 -factor 2
gui_zoom -window Wave.1 -factor 2
gui_zoom -window Wave.1 -factor 2
gui_zoom -window Wave.1 -factor 2
gui_zoom -window Wave.1 -factor 2
gui_zoom -window Wave.1 -factor 0.5
gui_zoom -window Wave.1 -factor 2
gui_list_select -id Wave.1 -selected  { {top.result[19:0]}   }
gui_wv_scrollright -id  Wave.1  line
gui_wv_scrollright -id  Wave.1  line
gui_wv_scrollright -id  Wave.1  line
gui_wv_scrollright -id  Wave.1  line
gui_wv_scrollright -id  Wave.1  line
gui_wv_scrollright -id  Wave.1  line
gui_wv_scrollright -id  Wave.1  line
gui_wv_scrollright -id  Wave.1  line
gui_list_select -id Wave.1 -selected  { {top.u0.r_ptr[10:0]}   }
gui_seek_next -id Wave.1 -number 1 
gui_wv_scrollright -id  Wave.1  line
gui_wv_scrollright -id  Wave.1  line
gui_wv_scrollright -id  Wave.1  line
gui_list_select -id Wave.1 -selected  { {top.u0.dout[15:0]}   }
gui_list_set_selected_property -id Wave.1 -radix decimal
gui_list_set_selected_property -id Wave.1 -radix hex
gui_wv_scrollright -id  Wave.1  line
gui_wv_scrollright -id  Wave.1  line
gui_wv_scrollright -id  Wave.1  line
gui_wv_scrollright -id  Wave.1  line
gui_wv_scrollright -id  Wave.1  line
gui_wv_scrollright -id  Wave.1  line
gui_wv_scrollright -id  Wave.1  line
gui_wv_scrollright -id  Wave.1  line
gui_wv_scrollright -id  Wave.1  line
gui_wv_scrollright -id  Wave.1  line
gui_wv_scrollright -id  Wave.1  line
gui_wv_scrollright -id  Wave.1  line
gui_wv_scrollright -id  Wave.1  line
gui_wv_scrollright -id  Wave.1  line
gui_wv_scrollright -id  Wave.1  line
gui_wv_scrollright -id  Wave.1  line
gui_wv_scrollright -id  Wave.1  line
gui_wv_scrollright -id  Wave.1  line
gui_wv_scrollleft -id  Wave.1  line
gui_wv_scrollleft -id  Wave.1  line
gui_wv_scrollleft -id  Wave.1  line
gui_wv_scrollleft -id  Wave.1  line
gui_wv_scrollleft -id  Wave.1  line
gui_wv_scrollleft -id  Wave.1  line
gui_wv_scrollleft -id  Wave.1  line
gui_wv_scrollleft -id  Wave.1  line
gui_list_select -id Wave.1 -selected  { {top.u0.result[18:0]}   }
gui_marker_move -id  Wave.1 C1 384516
gui_wv_zoom_timerange -id  Wave.1 383987 384623
gui_wv_zoom_timerange -id  Wave.1 383987 384525
gui_marker_move -id  Wave.1 C1 384429
gui_marker_move -id  Wave.1 C1 384418
gui_list_select -id Wave.1 -selected  { {top.u0.dout[15:0]}   }
gui_list_select -id Wave.1 -selected  { {top.u0.result[18:0]}   }
gui_list_select -id Wave.1 -selected  { {top.u0.w_ptr[10:0]}   }
gui_wv_scrollright -id  Wave.1  line
gui_wv_scrollright -id  Wave.1  line
gui_wv_scrollright -id  Wave.1  line
gui_wv_scrollright -id  Wave.1  line
gui_wv_scrollright -id  Wave.1  line
gui_wv_scrollright -id  Wave.1  line
gui_wv_scrollright -id  Wave.1  line
gui_wv_scrollright -id  Wave.1  line
gui_wv_scrollright -id  Wave.1  line
gui_wv_scrollright -id  Wave.1  line
gui_wv_scrollright -id  Wave.1  line
gui_wv_scrollright -id  Wave.1  line
gui_list_select -id Wave.1 -selected  { {top.u0.result[18:0]}   }
gui_wv_scrollright -id  Wave.1  line
gui_wv_scrollright -id  Wave.1  line
gui_wv_scrollright -id  Wave.1  line
gui_wv_scrollright -id  Wave.1  line
gui_wv_scrollright -id  Wave.1  line
gui_wv_scrollright -id  Wave.1  line
gui_wv_scrollright -id  Wave.1  line
gui_wv_scrollright -id  Wave.1  line
gui_wv_scrollright -id  Wave.1  line
gui_wv_scrollright -id  Wave.1  line
gui_wv_scrollright -id  Wave.1  line
gui_wv_scrollright -id  Wave.1  line
gui_wv_scrollright -id  Wave.1  line
gui_wv_scrollright -id  Wave.1  line
gui_wv_scrollright -id  Wave.1  line
gui_wv_scrollright -id  Wave.1  line
gui_wv_scrollright -id  Wave.1  line
gui_wv_scrollright -id  Wave.1  line
gui_wv_scrollright -id  Wave.1  line
gui_wv_scrollleft -id  Wave.1  line
gui_wv_scrollleft -id  Wave.1  line
gui_wv_scrollleft -id  Wave.1  line
gui_wv_scrollleft -id  Wave.1  line
gui_wv_scrollleft -id  Wave.1  line
gui_wv_scrollleft -id  Wave.1  line
gui_wv_scrollleft -id  Wave.1  line
gui_wv_scrollleft -id  Wave.1  line
gui_wv_scrollleft -id  Wave.1  line
gui_wv_scrollleft -id  Wave.1  line
gui_wv_scrollleft -id  Wave.1  line
gui_wv_scrollleft -id  Wave.1  line
gui_wv_scrollleft -id  Wave.1  line
gui_wv_scrollleft -id  Wave.1  line
gui_wv_scrollleft -id  Wave.1  line
gui_wv_scrollleft -id  Wave.1  line
gui_wv_scrollleft -id  Wave.1  line
gui_wv_scrollleft -id  Wave.1  line
gui_list_select -id Wave.1 -selected  { {top.u0.r_ptr[10:0]}   }
gui_marker_move -id  Wave.1 C1 384405
gui_marker_move -id  Wave.1 C1 384655
gui_wv_scrollright -id  Wave.1  line
gui_wv_scrollright -id  Wave.1  line
gui_wv_scrollright -id  Wave.1  line
gui_wv_scrollright -id  Wave.1  line
gui_wv_scrollright -id  Wave.1  line
gui_list_select -id Wave.1 -selected  { {top.u0.w_ptr[10:0]}   }
gui_marker_move -id  Wave.1 C1 384895
gui_wv_scrollright -id  Wave.1  line
gui_wv_scrollright -id  Wave.1  line
gui_list_select -id Wave.1 -selected  { {top.u0.r_cnt[10:0]}   }
gui_wv_scrollright -id  Wave.1  line
gui_wv_scrollright -id  Wave.1  line
gui_wv_scrollright -id  Wave.1  line
gui_wv_scrollright -id  Wave.1  line
gui_wv_scrollright -id  Wave.1  line
gui_wv_scrollright -id  Wave.1  line
gui_marker_move -id  Wave.1 C1 384887
gui_marker_move -id  Wave.1 C1 384885
gui_marker_move -id  Wave.1 C1 385026
gui_marker_move -id  Wave.1 C1 385023
gui_marker_move -id  Wave.1 C1 385030
gui_marker_move -id  Wave.1 C1 385025
gui_marker_move -id  Wave.1 C1 385045
gui_marker_move -id  Wave.1 C1 385065
gui_marker_move -id  Wave.1 C1 385075
gui_marker_move -id  Wave.1 C1 385095
gui_marker_move -id  Wave.1 C1 385105
gui_marker_move -id  Wave.1 C1 385115
gui_marker_move -id  Wave.1 C1 385125
gui_marker_move -id  Wave.1 C1 385125
gui_marker_move -id  Wave.1 C1 385172
gui_wv_scrollleft -id  Wave.1  line
gui_wv_scrollleft -id  Wave.1  line
gui_wv_scrollleft -id  Wave.1  line
gui_wv_scrollleft -id  Wave.1  line
gui_wv_scrollleft -id  Wave.1  line
gui_wv_scrollleft -id  Wave.1  line
gui_wv_scrollleft -id  Wave.1  line
gui_wv_scrollleft -id  Wave.1  line
gui_wv_scrollleft -id  Wave.1  line
gui_wv_scrollleft -id  Wave.1  line
gui_wv_scrollleft -id  Wave.1  line
gui_wv_scrollleft -id  Wave.1  line
gui_wv_scrollleft -id  Wave.1  line
gui_wv_scrollleft -id  Wave.1  line
gui_wv_scrollleft -id  Wave.1  line
gui_wv_scrollleft -id  Wave.1  line
gui_wv_scrollleft -id  Wave.1  line
gui_marker_move -id  Wave.1 C1 384278
gui_list_select -id Wave.1 -selected  { {top.u0.w_ptr[10:0]}   }
gui_wv_scrollleft -id  Wave.1  line
gui_wv_scrollleft -id  Wave.1  line
gui_wv_scrollleft -id  Wave.1  line
gui_wv_scrollleft -id  Wave.1  line
gui_wv_scrollleft -id  Wave.1  line
gui_wv_scrollleft -id  Wave.1  line
gui_wv_scrollleft -id  Wave.1  line
gui_wv_scrollleft -id  Wave.1  line
gui_wv_scrollleft -id  Wave.1  line
gui_wv_scrollleft -id  Wave.1  line
gui_list_select -id Wave.1 -selected  { {top.u0.r_ptr[10:0]}   }
gui_marker_move -id  Wave.1 C1 384155
gui_marker_move -id  Wave.1 C1 384170
gui_marker_move -id  Wave.1 C1 384155
gui_marker_move -id  Wave.1 C1 384285
gui_list_select -id Wave.1 -selected  { top.u0.c_r_en   }
gui_wv_scrollright -id  Wave.1  line
gui_wv_scrollright -id  Wave.1  line
gui_wv_scrollright -id  Wave.1  line
gui_wv_scrollright -id  Wave.1  line
gui_wv_scrollright -id  Wave.1  line
gui_wv_scrollright -id  Wave.1  line
gui_wv_scrollright -id  Wave.1  line
gui_wv_scrollright -id  Wave.1  line
gui_wv_scrollright -id  Wave.1  line
gui_wv_scrollright -id  Wave.1  line
gui_wv_scrollright -id  Wave.1  line
gui_wv_scrollright -id  Wave.1  line
gui_wv_scrollright -id  Wave.1  line
gui_wv_scrollright -id  Wave.1  line
gui_wv_scrollright -id  Wave.1  line
gui_wv_scrollright -id  Wave.1  line
gui_wv_scrollright -id  Wave.1  line
gui_wv_scrollright -id  Wave.1  line
gui_wv_scrollright -id  Wave.1  line
gui_wv_scrollright -id  Wave.1  line
gui_wv_scrollright -id  Wave.1  line
gui_wv_scrollright -id  Wave.1  line
gui_wv_scrollright -id  Wave.1  line
gui_wv_scrollright -id  Wave.1  line
gui_wv_scrollright -id  Wave.1  line
gui_wv_scrollright -id  Wave.1  line
gui_wv_scrollright -id  Wave.1  line
gui_wv_scrollright -id  Wave.1  line
gui_wv_scrollright -id  Wave.1  line
gui_list_select -id Wave.1 -selected  { {top.u0.r_cnt[10:0]}   }
gui_list_action -id  Wave.1 {top.u0.r_cnt[10:0]}
gui_get_drivers -id Wave.1 -signal {top.u0.r_cnt[10:0]}
gui_seek_next -id Wave.1 -number 1 
gui_list_select -id Wave.1 -selected  { top.u0.c_r_en   }
gui_wv_scrollright -id  Wave.1  line
gui_wv_scrollright -id  Wave.1  line
gui_wv_scrollright -id  Wave.1  line
gui_wv_scrollright -id  Wave.1  line
gui_wv_scrollright -id  Wave.1  line
gui_wv_scrollright -id  Wave.1  line
gui_wv_scrollright -id  Wave.1  line
gui_wv_scrollright -id  Wave.1  line
gui_wv_scrollright -id  Wave.1  line
gui_wv_scrollright -id  Wave.1  line
gui_wv_scrollright -id  Wave.1  line
gui_wv_scrollright -id  Wave.1  line
gui_wv_scrollright -id  Wave.1  line
gui_wv_scrollright -id  Wave.1  line
gui_wv_scrollright -id  Wave.1  line
gui_wv_scrollright -id  Wave.1  line
gui_wv_scrollright -id  Wave.1  line
gui_wv_scrollright -id  Wave.1  line
gui_wv_scrollright -id  Wave.1  line
gui_wv_scrollright -id  Wave.1  line
gui_wv_scrollleft -id  Wave.1  line
gui_wv_scrollleft -id  Wave.1  line
gui_wv_scrollleft -id  Wave.1  line
gui_wv_scrollleft -id  Wave.1  line
gui_wv_scrollleft -id  Wave.1  line
gui_wv_scrollleft -id  Wave.1  line
gui_wv_scrollleft -id  Wave.1  line
gui_wv_scrollleft -id  Wave.1  line
gui_wv_scrollleft -id  Wave.1  line
gui_wv_scrollleft -id  Wave.1  line
gui_list_select -id Wave.1 -selected  { {top.u0.r_cnt[10:0]}   }
gui_wv_scrollleft -id  Wave.1  line
gui_wv_scrollleft -id  Wave.1  line
gui_wv_scrollleft -id  Wave.1  line
gui_wv_scrollleft -id  Wave.1  line
gui_wv_scrollleft -id  Wave.1  line
gui_wv_scrollleft -id  Wave.1  line
gui_wv_scrollleft -id  Wave.1  line
gui_marker_move -id  Wave.1 C1 511615
gui_marker_move -id  Wave.1 C1 511545
gui_seek_previous -id Wave.1 -number 1 
gui_seek_previous -id Wave.1 -number 1 
gui_seek_previous -id Wave.1 -number 1 
gui_seek_previous -id Wave.1 -number 1 
gui_seek_previous -id Wave.1 -number 1 
gui_seek_previous -id Wave.1 -number 1 
gui_seek_previous -id Wave.1 -number 1 
gui_seek_previous -id Wave.1 -number 1 
gui_seek_next -id Wave.1 -number 1 
gui_seek_previous -id Wave.1 -number 1 
gui_seek_previous -id Wave.1 -number 1 
gui_seek_previous -id Wave.1 -number 1 
gui_seek_next -id Wave.1 -number 1 
gui_seek_previous -id Wave.1 -number 1 
gui_list_select -id Wave.1 -selected  { {top.u0.result[18:0]}   }
gui_wv_scrollright -id  Wave.1  line
gui_wv_scrollright -id  Wave.1  line
gui_wv_scrollright -id  Wave.1  line
gui_wv_scrollright -id  Wave.1  line
gui_wv_scrollright -id  Wave.1  line
gui_wv_scrollright -id  Wave.1  line
gui_wv_scrollright -id  Wave.1  line
gui_wv_scrollright -id  Wave.1  line
gui_wv_scrollright -id  Wave.1  line
gui_wv_scrollright -id  Wave.1  line
gui_wv_scrollright -id  Wave.1  line
gui_wv_scrollright -id  Wave.1  line
gui_wv_scrollright -id  Wave.1  line
gui_wv_scrollright -id  Wave.1  line
gui_list_select -id Wave.1 -selected  { {top.u0.r_cnt[10:0]}   }
gui_seek_next -id Wave.1 -number 1 
gui_wv_scrollright -id  Wave.1  line
gui_wv_scrollright -id  Wave.1  line
gui_wv_scrollright -id  Wave.1  line
gui_wv_scrollright -id  Wave.1  line
gui_marker_move -id  Wave.1 C1 511655
gui_wv_scrollright -id  Wave.1  line
gui_wv_scrollright -id  Wave.1  line
gui_wv_scrollright -id  Wave.1  line
gui_wv_scrollright -id  Wave.1  line
gui_wv_scrollright -id  Wave.1  line
gui_list_select -id Wave.1 -selected  { top.u0.c_r_en   }
gui_save_session -reload -default_file
gui_set_pref_value -category {Globals} -key {use_mhpi_lookup} -value {false}
gui_set_pref_value -category {Globals} -key {use_mhpi_lookup} -value {true}
gui_wv_scrollright -id  Wave.1  line
gui_wv_scrollright -id  Wave.1  line
gui_wv_scrollright -id  Wave.1  line
gui_wv_scrollright -id  Wave.1  line
gui_wv_scrollright -id  Wave.1  line
gui_wv_scrollright -id  Wave.1  line
gui_wv_scrollright -id  Wave.1  line
gui_wv_scrollright -id  Wave.1  line
gui_wv_scrollright -id  Wave.1  line
gui_wv_scrollright -id  Wave.1  line
gui_wv_scrollright -id  Wave.1  line
gui_wv_scrollright -id  Wave.1  line
gui_wv_scrollright -id  Wave.1  line
gui_wv_scrollright -id  Wave.1  line
gui_wv_scrollright -id  Wave.1  line
gui_wv_scrollright -id  Wave.1  line
gui_wv_scrollright -id  Wave.1  line
gui_wv_scrollright -id  Wave.1  line
gui_wv_scrollright -id  Wave.1  line
gui_wv_scrollright -id  Wave.1  line
gui_wv_scrollright -id  Wave.1  line
gui_wv_scrollright -id  Wave.1  line
gui_wv_scrollright -id  Wave.1  line
gui_wv_scrollright -id  Wave.1  line
gui_wv_scrollright -id  Wave.1  line
gui_wv_scrollright -id  Wave.1  line
gui_wv_scrollright -id  Wave.1  line
gui_wv_scrollright -id  Wave.1  line
gui_wv_scrollright -id  Wave.1  line
gui_wv_scrollright -id  Wave.1  line
gui_wv_scrollright -id  Wave.1  line
gui_seek_previous -id Wave.1 -number 1 
gui_list_select -id Wave.1 -selected  { {top.u0.t_cnt[10:0]}   }
gui_list_select -id Wave.1 -selected  { {top.u0.r_cnt[10:0]}   }
gui_seek_previous -id Wave.1 -number 1 
gui_seek_previous -id Wave.1 -number 1 
gui_seek_previous -id Wave.1 -number 1 
gui_seek_previous -id Wave.1 -number 1 
gui_seek_previous -id Wave.1 -number 1 
gui_seek_previous -id Wave.1 -number 1 
gui_list_select -id Wave.1 -selected  { {top.u0.result[18:0]}   }
gui_wv_scroll_hslidermove -id  Wave.1 55256481
gui_wv_scroll_hslidermove -id  Wave.1 55256481
gui_list_select -id Wave.1 -selected  { top.u0.done   }
gui_save_session -reload -default_file
gui_set_pref_value -category {Globals} -key {use_mhpi_lookup} -value {false}
gui_set_pref_value -category {Globals} -key {use_mhpi_lookup} -value {true}
gui_wv_scroll_hslidermove -id  Wave.1 171438084
gui_list_select -id Wave.1 -selected  { {top.u0.result[18:0]}   }
gui_wv_scroll_hslidermove -id  Wave.1 7674485
gui_list_select -id Wave.1 -selected  { {top.u0.r_cnt[10:0]}   }
gui_seek_previous -id Wave.1 -number 1 
gui_seek_previous -id Wave.1 -number 1 
gui_seek_previous -id Wave.1 -number 1 
gui_seek_previous -id Wave.1 -number 1 
gui_seek_previous -id Wave.1 -number 1 
gui_seek_previous -id Wave.1 -number 1 
gui_seek_previous -id Wave.1 -number 1 
gui_seek_previous -id Wave.1 -number 1 
gui_seek_previous -id Wave.1 -number 1 
gui_seek_previous -id Wave.1 -number 1 
gui_seek_previous -id Wave.1 -number 1 
gui_seek_previous -id Wave.1 -number 1 
gui_seek_previous -id Wave.1 -number 1 
gui_seek_next -id Wave.1 -number 1 
gui_seek_previous -id Wave.1 -number 1 
gui_seek_previous -id Wave.1 -number 1 
gui_wv_scrollleft -id  Wave.1  line
gui_wv_scrollleft -id  Wave.1  line
gui_wv_scrollleft -id  Wave.1  line
gui_wv_scrollleft -id  Wave.1  line
gui_wv_scrollleft -id  Wave.1  line
gui_wv_scrollleft -id  Wave.1  line
gui_zoom -window Wave.1 -factor 0.5
gui_zoom -window Wave.1 -factor 0.5
gui_wv_scrollright -id  Wave.1  line
gui_wv_scrollright -id  Wave.1  line
gui_list_select -id Wave.1 -selected  { top.u0.c_r_en   }
gui_wv_scrollright -id  Wave.1  line
gui_wv_scrollright -id  Wave.1  line
gui_wv_scrollright -id  Wave.1  line
gui_wv_scrollright -id  Wave.1  line
gui_wv_scrollright -id  Wave.1  line
gui_wv_scrollright -id  Wave.1  line
gui_seek_next -id Wave.1 -number 1 
gui_list_select -id Wave.1 -selected  { {top.u0.r_cnt[10:0]}   }
gui_seek_next -id Wave.1 -number 1 
gui_list_select -id Wave.1 -selected  { {top.u0.result[18:0]}   }
gui_zoom -window Wave.1 -factor 2
gui_zoom -window Wave.1 -factor 2
gui_zoom -window Wave.1 -factor 2
gui_marker_move -id  Wave.1 C1 511428
gui_wv_scrollright -id  Wave.1  line
gui_wv_scrollright -id  Wave.1  line
gui_wv_scrollright -id  Wave.1  line
gui_wv_scrollright -id  Wave.1  line
gui_wv_scrollright -id  Wave.1  line
gui_wv_scrollright -id  Wave.1  line
gui_wv_scrollright -id  Wave.1  line
gui_wv_scrollright -id  Wave.1  line
gui_wv_scrollright -id  Wave.1  line
gui_wv_scrollright -id  Wave.1  line
gui_wv_scrollright -id  Wave.1  line
gui_wv_scrollright -id  Wave.1  line
gui_wv_scrollright -id  Wave.1  line
gui_wv_scrollleft -id  Wave.1  line
gui_wv_scrollleft -id  Wave.1  line
gui_wv_scrollleft -id  Wave.1  line
gui_wv_scrollleft -id  Wave.1  line
gui_wv_scrollleft -id  Wave.1  line
gui_wv_scrollleft -id  Wave.1  line
gui_wv_scrollleft -id  Wave.1  line
gui_wv_scrollleft -id  Wave.1  line
gui_wv_scrollleft -id  Wave.1  line
gui_wv_scrollleft -id  Wave.1  line
gui_wv_scrollleft -id  Wave.1  line
gui_wv_scrollleft -id  Wave.1  line
gui_wv_scrollleft -id  Wave.1  line
gui_wv_scrollright -id  Wave.1  line
gui_wv_scrollright -id  Wave.1  line
gui_wv_scrollright -id  Wave.1  line
gui_wv_scrollright -id  Wave.1  line
gui_wv_scrollright -id  Wave.1  line
gui_wv_scrollright -id  Wave.1  line
gui_wv_scrollright -id  Wave.1  line
gui_wv_scrollright -id  Wave.1  line
gui_wv_scrollright -id  Wave.1  line
gui_wv_scrollright -id  Wave.1  line
gui_wv_scrollright -id  Wave.1  line
gui_wv_scrollright -id  Wave.1  line
gui_wv_scrollright -id  Wave.1  line
gui_wv_scrollright -id  Wave.1  line
gui_wv_scrollright -id  Wave.1  line
gui_wv_scrollright -id  Wave.1  line
gui_wv_scrollright -id  Wave.1  line
gui_wv_scrollright -id  Wave.1  line
gui_wv_scrollright -id  Wave.1  line
gui_wv_scrollright -id  Wave.1  line
gui_wv_scrollright -id  Wave.1  line
gui_wv_scrollright -id  Wave.1  line
gui_wv_scrollright -id  Wave.1  line
gui_wv_scrollright -id  Wave.1  line
gui_wv_scrollright -id  Wave.1  line
gui_wv_scrollright -id  Wave.1  line
gui_wv_scrollright -id  Wave.1  line
gui_wv_scrollright -id  Wave.1  line
gui_marker_move -id  Wave.1 C1 511785
gui_wv_scrollright -id  Wave.1  page
gui_wv_scrollright -id  Wave.1  line
gui_wv_scrollright -id  Wave.1  line
gui_wv_scrollright -id  Wave.1  line
gui_wv_scrollright -id  Wave.1  line
gui_wv_scrollright -id  Wave.1  line
gui_wv_scrollright -id  Wave.1  line
gui_wv_scrollright -id  Wave.1  line
gui_wv_scrollright -id  Wave.1  line
gui_wv_scrollright -id  Wave.1  line
gui_wv_scrollright -id  Wave.1  line
gui_wv_scrollright -id  Wave.1  line
gui_wv_scrollright -id  Wave.1  line
gui_wv_scrollright -id  Wave.1  line
gui_wv_scrollright -id  Wave.1  line
gui_wv_scrollright -id  Wave.1  line
gui_wv_scrollright -id  Wave.1  line
gui_wv_scrollright -id  Wave.1  line
gui_wv_scrollright -id  Wave.1  line
gui_wv_scrollright -id  Wave.1  line
gui_marker_move -id  Wave.1 C1 512250
gui_zoom -window Wave.1 -factor 0.5
gui_zoom -window Wave.1 -factor 0.5
gui_zoom -window Wave.1 -factor 0.5
gui_zoom -window Wave.1 -factor 2
gui_list_select -id Wave.1 -selected  { top.u0.c_r_en   }
gui_wv_scrollleft -id  Wave.1  line
gui_wv_scrollleft -id  Wave.1  line
gui_wv_scrollleft -id  Wave.1  line
gui_list_select -id Wave.1 -selected  { {top.u0.r_ptr_temp[10:0]}   }
gui_list_select -id Wave.1 -selected  { {top.u0.r_cnt[10:0]}   }
gui_seek_previous -id Wave.1 -number 1 
gui_seek_previous -id Wave.1 -number 1 
gui_seek_previous -id Wave.1 -number 1 
gui_seek_previous -id Wave.1 -number 1 
gui_seek_previous -id Wave.1 -number 1 
gui_seek_previous -id Wave.1 -number 1 
gui_seek_previous -id Wave.1 -number 1 
gui_marker_move -id  Wave.1 C1 384155
gui_save_session -reload -default_file
gui_set_pref_value -category {Globals} -key {use_mhpi_lookup} -value {false}
gui_set_pref_value -category {Globals} -key {use_mhpi_lookup} -value {true}
gui_list_select -id Wave.1 -selected  { {top.u0.result[18:0]}   }
gui_wv_scroll_hslidermove -id  Wave.1 84781502
gui_list_select -id Wave.1 -selected  { {top.u0.t_cnt[10:0]}   }
gui_list_set_selected_property -id Wave.1 -radix decimal
gui_wv_scroll_hslidermove -id  Wave.1 84781502
gui_list_select -id Wave.1 -selected  { {top.u0.result[18:0]}   }
gui_wv_scrollleft -id  Wave.1  line
gui_wv_scrollleft -id  Wave.1  line
gui_wv_scrollleft -id  Wave.1  line
gui_wv_scrollleft -id  Wave.1  line
gui_wv_scrollleft -id  Wave.1  line
gui_wv_scrollleft -id  Wave.1  line
gui_wv_scrollleft -id  Wave.1  line
gui_wv_scrollleft -id  Wave.1  line
gui_wv_scrollleft -id  Wave.1  line
gui_wv_scrollleft -id  Wave.1  line
gui_wv_scrollleft -id  Wave.1  line
gui_wv_scrollleft -id  Wave.1  line
gui_wv_scrollleft -id  Wave.1  line
gui_wv_scrollleft -id  Wave.1  line
gui_wv_scrollleft -id  Wave.1  line
gui_wv_scrollleft -id  Wave.1  line
gui_wv_scrollleft -id  Wave.1  line
gui_wv_scrollleft -id  Wave.1  line
gui_wv_scrollleft -id  Wave.1  line
gui_wv_scrollleft -id  Wave.1  line
gui_wv_scrollleft -id  Wave.1  line
gui_wv_scrollleft -id  Wave.1  line
gui_wv_scrollleft -id  Wave.1  line
gui_wv_scrollleft -id  Wave.1  line
gui_wv_scrollleft -id  Wave.1  line
gui_wv_scrollleft -id  Wave.1  line
gui_wv_scrollleft -id  Wave.1  line
gui_wv_scrollleft -id  Wave.1  line
gui_wv_scroll_hslidermove -id  Wave.1 84781502
gui_list_select -id Wave.1 -selected  { {top.u0.t_cnt[10:0]}   }
gui_list_select -id Wave.1 -selected  { {top.u0.r_cnt[10:0]}   }
gui_seek_previous -id Wave.1 -number 1 
gui_seek_previous -id Wave.1 -number 1 
gui_seek_previous -id Wave.1 -number 1 
gui_seek_next -id Wave.1 -number 1 
gui_list_select -id Wave.1 -selected  { {top.u0.result[18:0]}   }
gui_wv_scrollright -id  Wave.1  line
gui_wv_scrollright -id  Wave.1  line
gui_wv_scrollright -id  Wave.1  line
gui_wv_scrollright -id  Wave.1  line
gui_wv_scrollright -id  Wave.1  line
gui_wv_scrollright -id  Wave.1  line
gui_wv_scrollright -id  Wave.1  line
gui_wv_scrollright -id  Wave.1  line
gui_wv_scrollright -id  Wave.1  line
gui_wv_scrollright -id  Wave.1  line
gui_wv_scrollright -id  Wave.1  line
gui_wv_scrollright -id  Wave.1  line
gui_wv_scrollright -id  Wave.1  line
gui_wv_scrollright -id  Wave.1  line
gui_wv_scrollright -id  Wave.1  line
gui_wv_scrollright -id  Wave.1  line
gui_wv_scrollright -id  Wave.1  line
gui_wv_scrollright -id  Wave.1  line
gui_wv_scrollright -id  Wave.1  line
gui_wv_scrollright -id  Wave.1  line
gui_wv_scrollright -id  Wave.1  line
gui_marker_move -id  Wave.1 C1 512420
gui_zoom -window Wave.1 -factor 2
gui_zoom -window Wave.1 -factor 2
gui_zoom -window Wave.1 -factor 0.5
gui_marker_move -id  Wave.1 C1 512295
gui_marker_move -id  Wave.1 C1 512285
gui_marker_move -id  Wave.1 C1 512295
gui_list_select -id Wave.1 -selected  { {top.u0.r_cnt[10:0]}   }
gui_list_select -id Wave.1 -selected  { {top.u0.t_cnt[10:0]}   }
gui_list_select -id Wave.1 -selected  { {top.u0.r_cnt[10:0]}   }
gui_list_select -id Wave.1 -selected  { {top.u0.t_cnt[10:0]}   }
gui_list_select -id Wave.1 -selected  { {top.u0.r_cnt[10:0]}   }
gui_list_select -id Wave.1 -selected  { {top.u0.t_cnt[10:0]}   }
gui_list_select -id Wave.1 -selected  { {top.u0.r_cnt[10:0]}   }
gui_seek_previous -id Wave.1 -number 1 
gui_seek_previous -id Wave.1 -number 1 
gui_seek_previous -id Wave.1 -number 1 
gui_seek_next -id Wave.1 -number 1 
gui_list_select -id Wave.1 -selected  { {top.u0.result[18:0]}   }
gui_wv_scrollright -id  Wave.1  line
gui_wv_scrollright -id  Wave.1  line
gui_wv_scrollright -id  Wave.1  line
gui_wv_scrollright -id  Wave.1  line
gui_wv_scrollright -id  Wave.1  line
gui_wv_scrollright -id  Wave.1  line
gui_wv_scrollright -id  Wave.1  line
gui_wv_scrollright -id  Wave.1  line
gui_wv_scrollright -id  Wave.1  line
gui_wv_scrollright -id  Wave.1  line
gui_wv_scrollright -id  Wave.1  line
gui_wv_scrollright -id  Wave.1  line
gui_wv_scrollright -id  Wave.1  line
gui_wv_scrollright -id  Wave.1  line
gui_wv_scrollright -id  Wave.1  line
gui_wv_scrollright -id  Wave.1  line
gui_wv_scrollright -id  Wave.1  line
gui_wv_scrollright -id  Wave.1  line
gui_wv_scrollright -id  Wave.1  line
gui_wv_scrollright -id  Wave.1  line
gui_wv_scrollright -id  Wave.1  line
gui_wv_scrollright -id  Wave.1  line
gui_wv_scrollright -id  Wave.1  line
gui_wv_scrollright -id  Wave.1  line
gui_wv_scrollright -id  Wave.1  line
gui_wv_scrollright -id  Wave.1  line
gui_wv_scrollright -id  Wave.1  line
gui_wv_scrollright -id  Wave.1  line
gui_wv_scrollright -id  Wave.1  line
gui_wv_scrollright -id  Wave.1  line
gui_wv_scrollright -id  Wave.1  line
gui_wv_scrollright -id  Wave.1  line
gui_wv_scrollright -id  Wave.1  line
gui_wv_scrollright -id  Wave.1  line
gui_wv_scrollright -id  Wave.1  line
gui_marker_move -id  Wave.1 C1 512137
gui_wv_scrollleft -id  Wave.1  line
gui_wv_scrollleft -id  Wave.1  line
gui_wv_scrollleft -id  Wave.1  line
gui_wv_scrollleft -id  Wave.1  line
gui_wv_scrollleft -id  Wave.1  line
gui_wv_scrollleft -id  Wave.1  line
gui_wv_scrollleft -id  Wave.1  line
gui_wv_scrollleft -id  Wave.1  line
gui_wv_scrollleft -id  Wave.1  line
gui_wv_scrollleft -id  Wave.1  line
gui_wv_scrollleft -id  Wave.1  line
gui_wv_scrollleft -id  Wave.1  line
gui_wv_scrollleft -id  Wave.1  line
gui_wv_scrollleft -id  Wave.1  line
gui_wv_scrollleft -id  Wave.1  line
gui_wv_scrollleft -id  Wave.1  line
gui_wv_scrollleft -id  Wave.1  line
gui_wv_scrollleft -id  Wave.1  line
gui_wv_scrollleft -id  Wave.1  line
gui_wv_scrollleft -id  Wave.1  line
gui_wv_scrollleft -id  Wave.1  line
gui_wv_scrollleft -id  Wave.1  line
gui_wv_scrollleft -id  Wave.1  line
gui_list_select -id Wave.1 -selected  { {top.u0.t_cnt[10:0]}   }
gui_marker_move -id  Wave.1 C1 511473
gui_wv_scrollright -id  Wave.1  line
gui_wv_scrollright -id  Wave.1  line
gui_wv_scrollright -id  Wave.1  line
gui_wv_scrollright -id  Wave.1  line
gui_wv_scrollright -id  Wave.1  line
gui_wv_scrollright -id  Wave.1  line
gui_wv_scrollright -id  Wave.1  line
gui_wv_scrollright -id  Wave.1  line
gui_wv_scrollright -id  Wave.1  line
gui_wv_scrollleft -id  Wave.1  line
gui_wv_scrollleft -id  Wave.1  line
gui_wv_scrollleft -id  Wave.1  line
gui_wv_scrollleft -id  Wave.1  line
gui_wv_scrollleft -id  Wave.1  line
gui_wv_scrollleft -id  Wave.1  line
gui_wv_scrollleft -id  Wave.1  line
gui_wv_scrollleft -id  Wave.1  line
gui_wv_scrollleft -id  Wave.1  line
gui_wv_scrollleft -id  Wave.1  line
gui_wv_scrollleft -id  Wave.1  line
gui_marker_move -id  Wave.1 C1 511655
gui_marker_move -id  Wave.1 C1 511405
gui_wv_scrollleft -id  Wave.1  line
gui_wv_scrollleft -id  Wave.1  line
gui_wv_scrollleft -id  Wave.1  line
gui_wv_scrollleft -id  Wave.1  line
gui_save_session -reload -default_file
gui_set_pref_value -category {Globals} -key {use_mhpi_lookup} -value {false}
gui_set_pref_value -category {Globals} -key {use_mhpi_lookup} -value {true}
gui_list_select -id Wave.1 -selected  { {top.u0.result[18:0]}   }
gui_wv_scrollright -id  Wave.1  line
gui_wv_scrollright -id  Wave.1  line
gui_wv_scrollright -id  Wave.1  line
gui_wv_scrollright -id  Wave.1  line
gui_wv_scrollright -id  Wave.1  line
gui_wv_scrollright -id  Wave.1  line
gui_wv_scrollright -id  Wave.1  line
gui_wv_scrollright -id  Wave.1  line
gui_wv_scrollright -id  Wave.1  line
gui_wv_scrollright -id  Wave.1  line
gui_wv_scrollright -id  Wave.1  line
gui_wv_scrollright -id  Wave.1  line
gui_wv_scrollright -id  Wave.1  line
gui_wv_scrollright -id  Wave.1  line
gui_wv_scrollright -id  Wave.1  line
gui_wv_scrollright -id  Wave.1  line
gui_wv_scrollright -id  Wave.1  line
gui_wv_scrollright -id  Wave.1  line
gui_wv_scrollright -id  Wave.1  line
gui_wv_scrollright -id  Wave.1  line
gui_wv_scrollright -id  Wave.1  line
gui_wv_scrollright -id  Wave.1  line
gui_wv_scrollright -id  Wave.1  line
gui_wv_scrollright -id  Wave.1  line
gui_wv_scrollright -id  Wave.1  line
gui_wv_scrollright -id  Wave.1  line
gui_wv_scrollright -id  Wave.1  line
gui_wv_scrollright -id  Wave.1  line
gui_wv_scrollright -id  Wave.1  line
gui_wv_scrollright -id  Wave.1  line
gui_wv_scrollright -id  Wave.1  line
gui_wv_scrollright -id  Wave.1  line
gui_wv_scrollright -id  Wave.1  line
gui_wv_scrollright -id  Wave.1  line
gui_wv_scrollright -id  Wave.1  line
gui_wv_scrollright -id  Wave.1  line
gui_wv_scrollright -id  Wave.1  line
gui_wv_scrollright -id  Wave.1  line
gui_wv_scrollright -id  Wave.1  line
gui_wv_scrollright -id  Wave.1  line
gui_wv_scrollright -id  Wave.1  line
gui_wv_scrollright -id  Wave.1  line
gui_list_select -id Wave.1 -selected  { {top.u0.r_cnt[10:0]}   }
gui_seek_previous -id Wave.1 -number 1 
gui_seek_previous -id Wave.1 -number 1 
gui_seek_previous -id Wave.1 -number 1 
gui_seek_previous -id Wave.1 -number 1 
gui_seek_next -id Wave.1 -number 1 
gui_seek_previous -id Wave.1 -number 1 
gui_wv_scrollright -id  Wave.1  line
gui_wv_scrollright -id  Wave.1  line
gui_wv_scrollright -id  Wave.1  line
gui_wv_scrollright -id  Wave.1  line
gui_wv_scrollright -id  Wave.1  line
gui_wv_scrollright -id  Wave.1  line
gui_wv_scrollright -id  Wave.1  line
gui_wv_scrollright -id  Wave.1  line
gui_wv_scrollright -id  Wave.1  line
gui_wv_scrollright -id  Wave.1  line
gui_wv_scrollright -id  Wave.1  line
gui_wv_scrollright -id  Wave.1  line
gui_seek_next -id Wave.1 -number 1 
gui_list_select -id Wave.1 -selected  { {top.u0.ad[10:0]}   }
gui_list_add  -id  Wave.1   -after top.u0.w_state {{top.u0.ad[10:0]}} 
gui_list_select -id Wave.1 -selected  { {top.u0.ad[10:0]}   }
gui_list_select -id Wave.1 -selected  { {top.u0.ad[10:0]}   }
gui_delete_selected -id  Wave.1
gui_list_select -id Wave.1 -selected  { {top.u0.w_ptr[10:0]}   }
gui_list_select -id Wave.1 -selected  { {top.u0.ad[10:0]}   }
gui_marker_move -id  Wave.1 C1 511295
gui_list_select -id Wave.1 -selected  { {top.u0.r_ptr[10:0]}   }
gui_list_select -id Wave.1 -selected  { {top.u0.r_cnt[10:0]}   }
gui_seek_previous -id Wave.1 -number 1 
gui_seek_previous -id Wave.1 -number 1 
gui_seek_previous -id Wave.1 -number 1 
gui_seek_previous -id Wave.1 -number 1 
gui_seek_previous -id Wave.1 -number 1 
gui_marker_move -id  Wave.1 C1 384045
gui_marker_move -id  Wave.1 C1 384055
gui_marker_move -id  Wave.1 C1 384065
gui_marker_move -id  Wave.1 C1 384075
gui_marker_move -id  Wave.1 C1 384085
gui_marker_move -id  Wave.1 C1 384095
gui_marker_move -id  Wave.1 C1 384105
gui_marker_move -id  Wave.1 C1 384045
gui_wv_scrollright -id  Wave.1  line
gui_wv_scrollright -id  Wave.1  line
gui_wv_scrollright -id  Wave.1  line
gui_wv_scrollright -id  Wave.1  line
gui_wv_scrollright -id  Wave.1  line
gui_wv_scrollright -id  Wave.1  line
gui_list_select -id Wave.1 -selected  { {top.u0.r_ptr[10:0]}   }
gui_marker_move -id  Wave.1 C1 384210
gui_wv_scrollright -id  Wave.1  line
gui_wv_scrollright -id  Wave.1  line
gui_seek_next -id Wave.1 -number 1 
gui_list_select -id Wave.1 -selected  { {top.u0.r_cnt[10:0]}   }
gui_seek_previous -id Wave.1 -number 1 
gui_seek_next -id Wave.1 -number 1 
gui_seek_previous -id Wave.1 -number 1 
gui_seek_previous -id Wave.1 -number 1 
gui_seek_previous -id Wave.1 -number 1 
gui_seek_previous -id Wave.1 -number 1 
gui_seek_previous -id Wave.1 -number 1 
gui_seek_previous -id Wave.1 -number 1 
gui_seek_previous -id Wave.1 -number 1 
gui_seek_next -id Wave.1 -number 1 
gui_seek_next -id Wave.1 -number 1 
gui_list_select -id Wave.1 -selected  { {top.u0.r_ptr[10:0]}   }
gui_marker_move -id  Wave.1 C1 638971
gui_wv_scrollright -id  Wave.1  line
gui_wv_scrollright -id  Wave.1  line
gui_wv_scrollright -id  Wave.1  line
gui_wv_scrollright -id  Wave.1  line
gui_wv_scrollright -id  Wave.1  line
gui_wv_scrollright -id  Wave.1  line
gui_wv_scrollright -id  Wave.1  line
gui_wv_scrollright -id  Wave.1  line
gui_wv_scrollright -id  Wave.1  line
gui_wv_scrollright -id  Wave.1  line
gui_wv_scrollright -id  Wave.1  line
gui_marker_move -id  Wave.1 C1 639275
gui_wv_scrollright -id  Wave.1  line
gui_wv_scrollright -id  Wave.1  line
gui_wv_scrollright -id  Wave.1  line
gui_wv_scrollright -id  Wave.1  line
gui_wv_scrollright -id  Wave.1  line
gui_wv_scrollright -id  Wave.1  line
gui_wv_scrollright -id  Wave.1  line
gui_wv_scrollright -id  Wave.1  line
gui_wv_scrollright -id  Wave.1  line
gui_wv_scrollright -id  Wave.1  line
gui_list_select -id Wave.1 -selected  { top.u0.c_r_en   }
gui_save_session -reload -default_file
gui_set_pref_value -category {Globals} -key {use_mhpi_lookup} -value {false}
gui_set_pref_value -category {Globals} -key {use_mhpi_lookup} -value {true}
gui_list_select -id Wave.1 -selected  { {top.u0.r_cnt[10:0]}   }
gui_seek_previous -id Wave.1 -number 1 
gui_seek_previous -id Wave.1 -number 1 
gui_seek_previous -id Wave.1 -number 1 
gui_seek_previous -id Wave.1 -number 1 
gui_seek_previous -id Wave.1 -number 1 
gui_seek_previous -id Wave.1 -number 1 
gui_seek_previous -id Wave.1 -number 1 
gui_marker_move -id  Wave.1 C1 383785
gui_marker_move -id  Wave.1 C1 383795
gui_marker_move -id  Wave.1 C1 383875
gui_marker_move -id  Wave.1 C1 383905
gui_marker_move -id  Wave.1 C1 384027
gui_marker_move -id  Wave.1 C1 384023
gui_marker_move -id  Wave.1 C1 384025
gui_wv_scrollright -id  Wave.1  line
gui_wv_scrollright -id  Wave.1  line
gui_wv_scrollright -id  Wave.1  line
gui_wv_scrollright -id  Wave.1  line
gui_wv_scrollright -id  Wave.1  line
gui_marker_move -id  Wave.1 C1 384045
gui_marker_move -id  Wave.1 C1 384055
gui_marker_move -id  Wave.1 C1 384065
gui_marker_move -id  Wave.1 C1 384075
gui_marker_move -id  Wave.1 C1 384125
gui_wv_scrollright -id  Wave.1  line
gui_wv_scrollright -id  Wave.1  line
gui_wv_scrollright -id  Wave.1  line
gui_wv_scrollright -id  Wave.1  line
gui_wv_scrollright -id  Wave.1  line
gui_wv_scrollright -id  Wave.1  line
gui_marker_move -id  Wave.1 C1 384285
gui_marker_move -id  Wave.1 C1 384305
gui_marker_move -id  Wave.1 C1 384315
gui_marker_move -id  Wave.1 C1 384145
gui_wv_scrollleft -id  Wave.1  line
gui_wv_scrollleft -id  Wave.1  line
gui_wv_scrollleft -id  Wave.1  line
gui_wv_scrollleft -id  Wave.1  line
gui_wv_scrollright -id  Wave.1  line
gui_wv_scrollright -id  Wave.1  line
gui_wv_scrollright -id  Wave.1  line
gui_wv_scrollright -id  Wave.1  line
gui_wv_scrollright -id  Wave.1  line
gui_wv_scrollright -id  Wave.1  line
gui_wv_scrollright -id  Wave.1  line
gui_wv_scrollright -id  Wave.1  line
gui_wv_scrollright -id  Wave.1  line
gui_wv_scrollright -id  Wave.1  line
gui_wv_scrollright -id  Wave.1  line
gui_wv_scrollright -id  Wave.1  line
gui_wv_scrollright -id  Wave.1  line
gui_wv_scrollright -id  Wave.1  line
gui_wv_scrollright -id  Wave.1  line
gui_wv_scrollright -id  Wave.1  line
gui_wv_scrollright -id  Wave.1  line
gui_wv_scrollright -id  Wave.1  line
gui_wv_scrollright -id  Wave.1  line
gui_wv_scrollright -id  Wave.1  line
gui_wv_scrollright -id  Wave.1  line
gui_marker_move -id  Wave.1 C1 384795
gui_marker_move -id  Wave.1 C1 384804
gui_wv_zoom_timerange -id  Wave.1 384813 384816
gui_zoom -window Wave.1 -factor 0.5
gui_zoom -window Wave.1 -factor 0.5
gui_zoom -window Wave.1 -factor 0.5
gui_zoom -window Wave.1 -factor 0.5
gui_zoom -window Wave.1 -factor 0.5
gui_zoom -window Wave.1 -factor 0.5
gui_zoom -window Wave.1 -factor 0.5
gui_marker_move -id  Wave.1 C1 384875
gui_wv_scrollright -id  Wave.1  line
gui_wv_scrollright -id  Wave.1  line
gui_wv_scrollright -id  Wave.1  line
gui_wv_scrollright -id  Wave.1  line
gui_wv_scrollright -id  Wave.1  line
gui_wv_scrollright -id  Wave.1  line
gui_save_session -reload -default_file
gui_set_pref_value -category {Globals} -key {use_mhpi_lookup} -value {false}
gui_set_pref_value -category {Globals} -key {use_mhpi_lookup} -value {true}
gui_list_select -id Wave.1 -selected  { {top.u0.r_ptr[10:0]}   }
gui_list_select -id Wave.1 -selected  { {top.u0.r_ptr_temp[10:0]}   }
gui_list_select -id Wave.1 -selected  { {top.u0.r_cnt[10:0]}   }
gui_list_select -id Wave.1 -selected  { {top.u0.r_ptr[10:0]}   }
gui_list_select -id Wave.1 -selected  { {top.u0.w_ptr[10:0]}   }
gui_wv_scrollright -id  Wave.1  line
gui_wv_scrollright -id  Wave.1  line
gui_wv_scrollright -id  Wave.1  line
gui_wv_scrollright -id  Wave.1  line
gui_wv_scrollright -id  Wave.1  line
gui_list_select -id Wave.1 -selected  { top.u0.c_r_en   }
gui_wv_scroll_hslidermove -id  Wave.1 351287836
gui_wv_scrollleft -id  Wave.1  line
gui_wv_scrollleft -id  Wave.1  line
gui_wv_scrollleft -id  Wave.1  line
gui_wv_scrollleft -id  Wave.1  line
gui_wv_scrollleft -id  Wave.1  line
gui_wv_scrollleft -id  Wave.1  line
gui_wv_scrollleft -id  Wave.1  line
gui_wv_scrollleft -id  Wave.1  line
gui_wv_scrollleft -id  Wave.1  line
gui_wv_scrollleft -id  Wave.1  line
gui_wv_scrollleft -id  Wave.1  line
gui_wv_scrollleft -id  Wave.1  line
gui_wv_scrollleft -id  Wave.1  line
gui_wv_scrollleft -id  Wave.1  line
gui_wv_scrollleft -id  Wave.1  line
gui_wv_scrollleft -id  Wave.1  line
gui_wv_scrollleft -id  Wave.1  line
gui_wv_scrollleft -id  Wave.1  line
gui_wv_scrollleft -id  Wave.1  line
gui_wv_scrollleft -id  Wave.1  line
gui_wv_scrollleft -id  Wave.1  line
gui_wv_scrollleft -id  Wave.1  line
gui_wv_scrollleft -id  Wave.1  line
gui_wv_scrollleft -id  Wave.1  line
gui_wv_scrollleft -id  Wave.1  line
gui_wv_scrollleft -id  Wave.1  line
gui_wv_scrollleft -id  Wave.1  line
gui_wv_scrollleft -id  Wave.1  line
gui_wv_scrollleft -id  Wave.1  line
gui_wv_scrollleft -id  Wave.1  line
gui_wv_scrollleft -id  Wave.1  line
gui_wv_scrollleft -id  Wave.1  line
gui_wv_scrollleft -id  Wave.1  line
gui_wv_scrollleft -id  Wave.1  line
gui_wv_scrollleft -id  Wave.1  line
gui_wv_scrollleft -id  Wave.1  line
gui_wv_scrollleft -id  Wave.1  line
gui_zoom -window Wave.1 -factor 0.5
gui_zoom -window Wave.1 -factor 2
gui_seek_previous -id Wave.1 -number 1 
gui_seek_next -id Wave.1 -number 1 
gui_list_select -id Wave.1 -selected  { {top.u0.r_cnt[10:0]}   }
gui_seek_previous -id Wave.1 -number 1 
gui_seek_previous -id Wave.1 -number 1 
gui_seek_previous -id Wave.1 -number 1 
gui_seek_previous -id Wave.1 -number 1 
gui_seek_previous -id Wave.1 -number 1 
gui_wv_scrollright -id  Wave.1  line
gui_list_select -id Wave.1 -selected  { {top.u0.result[18:0]}   }
gui_marker_move -id  Wave.1 C1 383839
gui_marker_move -id  Wave.1 C1 383905
gui_wv_scrollright -id  Wave.1  line
gui_wv_scrollright -id  Wave.1  line
gui_wv_scrollright -id  Wave.1  line
gui_wv_scrollright -id  Wave.1  line
gui_wv_scrollright -id  Wave.1  line
gui_wv_scrollright -id  Wave.1  line
gui_wv_scrollright -id  Wave.1  line
gui_wv_scrollright -id  Wave.1  line
gui_wv_scrollright -id  Wave.1  line
gui_wv_scrollright -id  Wave.1  line
gui_wv_scrollright -id  Wave.1  line
gui_list_select -id Wave.1 -selected  { top.u0.c_r_en   }
gui_wv_scrollright -id  Wave.1  line
gui_wv_scrollright -id  Wave.1  line
gui_list_select -id Wave.1 -selected  { {top.u0.w_ptr[10:0]}   }
gui_list_select -id Wave.1 -selected  { {top.u0.r_ptr[10:0]}   }
gui_marker_move -id  Wave.1 C1 384155
gui_wv_scrollright -id  Wave.1  line
gui_wv_scrollright -id  Wave.1  line
gui_wv_scrollright -id  Wave.1  line
gui_wv_scrollright -id  Wave.1  line
gui_wv_scrollright -id  Wave.1  line
gui_wv_scrollright -id  Wave.1  line
gui_wv_scrollright -id  Wave.1  line
gui_wv_scrollright -id  Wave.1  line
gui_wv_scrollright -id  Wave.1  line
gui_wv_scrollright -id  Wave.1  line
gui_wv_scrollright -id  Wave.1  line
gui_wv_scrollright -id  Wave.1  line
gui_wv_scrollright -id  Wave.1  line
gui_wv_scrollright -id  Wave.1  line
gui_wv_scrollright -id  Wave.1  line
gui_wv_scrollright -id  Wave.1  line
gui_wv_scrollright -id  Wave.1  line
gui_wv_scrollright -id  Wave.1  line
gui_wv_scrollright -id  Wave.1  line
gui_wv_scrollright -id  Wave.1  line
gui_wv_scrollright -id  Wave.1  line
gui_wv_scrollright -id  Wave.1  line
gui_wv_scrollright -id  Wave.1  line
gui_wv_scrollright -id  Wave.1  line
gui_wv_scrollright -id  Wave.1  line
gui_wv_scrollright -id  Wave.1  line
gui_wv_scrollright -id  Wave.1  line
gui_wv_scrollright -id  Wave.1  line
gui_wv_scrollright -id  Wave.1  line
gui_wv_scrollright -id  Wave.1  line
gui_wv_scrollright -id  Wave.1  line
gui_wv_scrollright -id  Wave.1  line
gui_wv_scrollright -id  Wave.1  line
gui_wv_scrollright -id  Wave.1  line
gui_wv_scrollright -id  Wave.1  line
gui_wv_scrollright -id  Wave.1  line
gui_wv_scrollright -id  Wave.1  line
gui_wv_scrollright -id  Wave.1  line
gui_wv_scrollright -id  Wave.1  line
gui_wv_scrollright -id  Wave.1  line
gui_wv_scrollright -id  Wave.1  line
gui_wv_scrollright -id  Wave.1  line
gui_wv_scrollright -id  Wave.1  line
gui_wv_scrollright -id  Wave.1  line
gui_wv_scrollright -id  Wave.1  line
gui_wv_scrollright -id  Wave.1  line
gui_wv_scrollright -id  Wave.1  line
gui_wv_scrollright -id  Wave.1  line
gui_wv_scrollright -id  Wave.1  line
gui_wv_scrollright -id  Wave.1  line
gui_wv_scrollright -id  Wave.1  line
gui_wv_scrollright -id  Wave.1  line
gui_wv_scrollright -id  Wave.1  line
gui_wv_scrollright -id  Wave.1  line
gui_wv_scrollright -id  Wave.1  line
gui_wv_scrollright -id  Wave.1  line
gui_list_select -id Wave.1 -selected  { {top.u0.t_cnt[10:0]}   }
gui_marker_move -id  Wave.1 C1 384859
gui_zoom -window Wave.1 -factor 0.5
gui_zoom -window Wave.1 -factor 0.5
gui_zoom -window Wave.1 -factor 0.5
gui_zoom -window Wave.1 -factor 0.5
gui_zoom -window Wave.1 -factor 0.5
gui_zoom -window Wave.1 -factor 0.5
gui_zoom -window Wave.1 -factor 0.5
gui_zoom -window Wave.1 -factor 2
gui_marker_move -id  Wave.1 C1 384135
gui_wv_scrollright -id  Wave.1  line
gui_wv_scrollright -id  Wave.1  line
gui_wv_scrollright -id  Wave.1  line
gui_wv_scrollright -id  Wave.1  line
gui_wv_scrollright -id  Wave.1  line
gui_wv_scrollright -id  Wave.1  line
gui_list_select -id Wave.1 -selected  { {top.u0.r_cnt[10:0]}   }
gui_seek_next -id Wave.1 -number 1 
gui_seek_previous -id Wave.1 -number 1 
gui_marker_move -id  Wave.1 C1 384145
gui_seek_next -id Wave.1 -number 1 
gui_marker_move -id  Wave.1 C1 511635
gui_zoom -window Wave.1 -factor 2
gui_zoom -window Wave.1 -factor 2
gui_zoom -window Wave.1 -factor 2
gui_zoom -window Wave.1 -factor 0.5
gui_zoom -window Wave.1 -factor 0.5
gui_zoom -window Wave.1 -factor 2
gui_wv_scrollright -id  Wave.1  line
gui_wv_scrollright -id  Wave.1  line
gui_zoom -window Wave.1 -factor 2
gui_zoom -window Wave.1 -factor 2
gui_zoom -window Wave.1 -factor 2
gui_zoom -window Wave.1 -factor 0.5
gui_zoom -window Wave.1 -factor 2
gui_list_select -id Wave.1 -selected  { {top.u0.ad[10:0]}   }
gui_list_add  -id  Wave.1   -after {top.u0.ad[10:0]} {{top.u0.ad[10:0]}} 
gui_list_select -id Wave.1 -selected  { {top.u0.ad[10:0]}   }
gui_delete_selected -id  Wave.1
gui_list_select -id Wave.1 -selected  { {top.u0.w_ptr[10:0]}   }
gui_marker_move -id  Wave.1 C1 511637
gui_marker_move -id  Wave.1 C1 511732
gui_marker_move -id  Wave.1 C1 511785
gui_wv_scrollright -id  Wave.1  line
gui_wv_scrollright -id  Wave.1  line
gui_wv_scrollright -id  Wave.1  line
gui_list_select -id Wave.1 -selected  { {top.u0.r_cnt[10:0]}   }
gui_seek_previous -id Wave.1 -number 1 
gui_seek_previous -id Wave.1 -number 1 
gui_seek_previous -id Wave.1 -number 1 
gui_seek_previous -id Wave.1 -number 1 
gui_marker_move -id  Wave.1 C1 384155
gui_wv_scrollright -id  Wave.1  line
gui_wv_scrollright -id  Wave.1  line
gui_wv_scrollright -id  Wave.1  line
gui_wv_scrollright -id  Wave.1  line
gui_wv_scrollright -id  Wave.1  line
gui_wv_scrollright -id  Wave.1  line
gui_wv_scrollright -id  Wave.1  line
gui_wv_scrollright -id  Wave.1  line
gui_wv_scrollright -id  Wave.1  line
gui_wv_scrollright -id  Wave.1  line
gui_wv_scrollright -id  Wave.1  line
gui_wv_scrollright -id  Wave.1  line
gui_wv_scrollright -id  Wave.1  line
gui_wv_scrollright -id  Wave.1  line
gui_wv_scrollright -id  Wave.1  line
gui_wv_scrollright -id  Wave.1  line
gui_wv_scrollright -id  Wave.1  line
gui_wv_scrollright -id  Wave.1  line
gui_wv_scrollright -id  Wave.1  line
gui_wv_scrollright -id  Wave.1  line
gui_wv_scrollright -id  Wave.1  line
gui_wv_scrollright -id  Wave.1  line
gui_wv_scrollright -id  Wave.1  line
gui_wv_scrollright -id  Wave.1  line
gui_wv_scrollright -id  Wave.1  line
gui_wv_scrollright -id  Wave.1  line
gui_wv_scrollright -id  Wave.1  line
gui_wv_scrollright -id  Wave.1  line
gui_wv_scrollright -id  Wave.1  line
gui_save_session -reload -default_file
gui_set_pref_value -category {Globals} -key {use_mhpi_lookup} -value {false}
gui_set_pref_value -category {Globals} -key {use_mhpi_lookup} -value {true}
gui_marker_move -id  Wave.1 C1 384655
gui_list_select -id Wave.1 -selected  { {top.u0.result[18:0]}   }
gui_zoom -window Wave.1 -factor 0.5
gui_list_select -id Wave.1 -selected  { {top.u0.r_cnt[10:0]}   }
gui_seek_previous -id Wave.1 -number 1 
gui_seek_previous -id Wave.1 -number 1 
gui_seek_previous -id Wave.1 -number 1 
gui_seek_previous -id Wave.1 -number 1 
gui_zoom -window Wave.1 -factor 0.5
gui_zoom -window Wave.1 -factor 2
gui_zoom -window Wave.1 -factor 2
gui_marker_move -id  Wave.1 C1 384155
gui_wv_scrollright -id  Wave.1  line
gui_wv_scrollright -id  Wave.1  line
gui_wv_scrollright -id  Wave.1  line
gui_wv_scrollright -id  Wave.1  line
gui_wv_scrollright -id  Wave.1  line
gui_wv_scrollright -id  Wave.1  line
gui_wv_scrollright -id  Wave.1  line
gui_wv_scrollright -id  Wave.1  line
gui_wv_scrollright -id  Wave.1  line
gui_wv_scrollright -id  Wave.1  line
gui_wv_scrollright -id  Wave.1  line
gui_wv_scrollright -id  Wave.1  line
gui_wv_scrollright -id  Wave.1  line
gui_wv_scrollright -id  Wave.1  line
gui_wv_scrollright -id  Wave.1  line
gui_wv_scrollright -id  Wave.1  line
gui_wv_scrollright -id  Wave.1  line
gui_wv_scrollright -id  Wave.1  line
gui_wv_scrollright -id  Wave.1  line
gui_wv_scrollright -id  Wave.1  line
gui_wv_scrollright -id  Wave.1  line
gui_wv_scrollright -id  Wave.1  line
gui_wv_scrollright -id  Wave.1  line
gui_wv_scrollright -id  Wave.1  line
gui_wv_scrollright -id  Wave.1  line
gui_wv_scrollright -id  Wave.1  line
gui_save_session -reload -default_file
gui_set_pref_value -category {Globals} -key {use_mhpi_lookup} -value {false}
gui_set_pref_value -category {Globals} -key {use_mhpi_lookup} -value {true}
gui_marker_move -id  Wave.1 C1 384405
gui_wv_scroll_hslidermove -id  Wave.1 172917947
gui_list_select -id Wave.1 -selected  { top.u0.done   }
gui_wv_scrollleft -id  Wave.1  line
gui_wv_scrollleft -id  Wave.1  line
gui_wv_scrollleft -id  Wave.1  line
gui_wv_scrollleft -id  Wave.1  line
gui_wv_scrollleft -id  Wave.1  line
gui_wv_scrollleft -id  Wave.1  line
gui_wv_scrollleft -id  Wave.1  line
gui_wv_scrollleft -id  Wave.1  line
gui_wv_scrollleft -id  Wave.1  line
gui_wv_scrollleft -id  Wave.1  line
gui_wv_scrollleft -id  Wave.1  line
gui_wv_scrollleft -id  Wave.1  line
gui_wv_scrollleft -id  Wave.1  line
gui_wv_scrollleft -id  Wave.1  line
gui_wv_scrollleft -id  Wave.1  line
gui_wv_scrollleft -id  Wave.1  line
gui_wv_scrollleft -id  Wave.1  line
gui_wv_scrollleft -id  Wave.1  line
gui_wv_scrollleft -id  Wave.1  line
gui_wv_scrollleft -id  Wave.1  line
gui_wv_scrollleft -id  Wave.1  line
gui_zoom -window Wave.1 -factor 0.5
gui_zoom -window Wave.1 -factor 0.5
gui_zoom -window Wave.1 -factor 0.5
gui_zoom -window Wave.1 -factor 0.5
gui_zoom -window Wave.1 -factor 0.5
gui_zoom -window Wave.1 -factor 0.5
gui_zoom -window Wave.1 -factor 0.5
gui_wv_scroll_hslidermove -id  Wave.1 1350920
gui_wv_scrollright -id  Wave.1  line
gui_wv_scrollright -id  Wave.1  line
gui_wv_scrollright -id  Wave.1  line
gui_wv_scrollright -id  Wave.1  line
gui_wv_scrollright -id  Wave.1  line
gui_wv_scrollright -id  Wave.1  line
gui_wv_scroll_hslidermove -id  Wave.1 5852
gui_zoom -window Wave.1 -factor 2
gui_zoom -window Wave.1 -factor 2
gui_zoom -window Wave.1 -factor 2
gui_zoom -window Wave.1 -factor 2
gui_zoom -window Wave.1 -factor 2
gui_zoom -window Wave.1 -factor 2
gui_list_select -id Wave.1 -selected  { {top.u0.r_cnt[10:0]}   }
gui_seek_previous -id Wave.1 -number 1 
gui_marker_move -id  Wave.1 C1 384155
gui_wv_scrollright -id  Wave.1  line
gui_wv_scrollright -id  Wave.1  line
gui_wv_scrollright -id  Wave.1  line
gui_wv_scrollright -id  Wave.1  line
gui_wv_scrollright -id  Wave.1  line
gui_wv_scrollright -id  Wave.1  line
gui_wv_scrollright -id  Wave.1  line
gui_zoom -window Wave.1 -factor 2
gui_wv_scrollright -id  Wave.1  line
gui_wv_scrollright -id  Wave.1  line
gui_wv_scrollright -id  Wave.1  line
gui_wv_scrollright -id  Wave.1  line
gui_wv_scrollright -id  Wave.1  line
gui_wv_scrollright -id  Wave.1  line
gui_wv_scrollright -id  Wave.1  line
gui_wv_scrollright -id  Wave.1  line
gui_wv_scrollright -id  Wave.1  line
gui_wv_scrollright -id  Wave.1  line
gui_wv_scrollright -id  Wave.1  line
gui_wv_scrollright -id  Wave.1  line
gui_wv_scrollright -id  Wave.1  line
gui_wv_scrollright -id  Wave.1  line
gui_wv_scrollright -id  Wave.1  line
gui_wv_scrollright -id  Wave.1  line
gui_wv_scrollright -id  Wave.1  line
gui_wv_scrollright -id  Wave.1  line
gui_wv_scrollright -id  Wave.1  line
gui_save_session -reload -default_file
gui_set_pref_value -category {Globals} -key {use_mhpi_lookup} -value {false}
gui_set_pref_value -category {Globals} -key {use_mhpi_lookup} -value {true}
gui_wv_scrollleft -id  Wave.1  line
gui_wv_scrollleft -id  Wave.1  line
gui_wv_scrollleft -id  Wave.1  line
gui_wv_scrollleft -id  Wave.1  line
gui_wv_scrollleft -id  Wave.1  line
gui_wv_scrollleft -id  Wave.1  line
gui_wv_scrollleft -id  Wave.1  line
gui_wv_scrollleft -id  Wave.1  line
gui_marker_move -id  Wave.1 C1 384478
gui_seek_previous -id Wave.1 -number 1 
gui_seek_previous -id Wave.1 -number 1 
gui_seek_previous -id Wave.1 -number 1 
gui_seek_previous -id Wave.1 -number 1 
gui_seek_previous -id Wave.1 -number 1 
gui_wv_scrollright -id  Wave.1  line
gui_wv_scrollright -id  Wave.1  line
gui_wv_scrollright -id  Wave.1  line
gui_wv_scrollright -id  Wave.1  line
gui_wv_scrollright -id  Wave.1  line
gui_wv_scrollright -id  Wave.1  line
gui_wv_scrollright -id  Wave.1  line
gui_wv_scrollright -id  Wave.1  line
gui_wv_scrollright -id  Wave.1  line
gui_wv_scrollleft -id  Wave.1  line
gui_wv_scrollleft -id  Wave.1  line
gui_marker_move -id  Wave.1 C1 384155
gui_wv_scrollright -id  Wave.1  line
gui_wv_scrollright -id  Wave.1  line
gui_wv_scrollright -id  Wave.1  line
gui_wv_scrollright -id  Wave.1  line
gui_wv_scrollright -id  Wave.1  line
gui_marker_move -id  Wave.1 C1 384395
gui_list_select -id Wave.1 -selected  { {top.u0.ad[10:0]}   }
gui_wv_scrollright -id  Wave.1  line
gui_wv_scrollright -id  Wave.1  line
gui_wv_scrollright -id  Wave.1  line
gui_wv_scrollright -id  Wave.1  line
gui_wv_scrollright -id  Wave.1  line
gui_wv_scrollright -id  Wave.1  line
gui_wv_scrollright -id  Wave.1  line
gui_wv_scrollright -id  Wave.1  line
gui_wv_scrollright -id  Wave.1  line
gui_wv_scrollright -id  Wave.1  line
gui_wv_scrollright -id  Wave.1  line
gui_wv_scrollright -id  Wave.1  line
gui_wv_scrollright -id  Wave.1  line
gui_wv_scrollright -id  Wave.1  line
gui_wv_scrollright -id  Wave.1  line
gui_wv_scrollright -id  Wave.1  line
gui_wv_scrollright -id  Wave.1  line
gui_wv_scrollright -id  Wave.1  line
gui_wv_scrollright -id  Wave.1  line
gui_wv_scrollright -id  Wave.1  line
gui_wv_scrollright -id  Wave.1  line
gui_wv_scrollright -id  Wave.1  line
gui_wv_scrollright -id  Wave.1  line
gui_wv_scrollright -id  Wave.1  line
gui_wv_scrollright -id  Wave.1  line
gui_wv_scrollright -id  Wave.1  line
gui_wv_scrollright -id  Wave.1  line
gui_wv_scrollright -id  Wave.1  line
gui_wv_scrollright -id  Wave.1  line
gui_wv_scrollright -id  Wave.1  line
gui_wv_scrollright -id  Wave.1  line
gui_wv_scrollright -id  Wave.1  line
gui_wv_scrollright -id  Wave.1  line
gui_wv_scrollright -id  Wave.1  line
gui_wv_scrollright -id  Wave.1  line
gui_wv_scrollright -id  Wave.1  line
gui_wv_scrollright -id  Wave.1  line
gui_wv_scrollright -id  Wave.1  line
gui_wv_scrollright -id  Wave.1  line
gui_wv_scrollright -id  Wave.1  line
gui_wv_scrollright -id  Wave.1  line
gui_wv_scrollright -id  Wave.1  line
gui_wv_scrollright -id  Wave.1  line
gui_wv_scrollright -id  Wave.1  line
gui_wv_scrollright -id  Wave.1  line
gui_wv_scrollright -id  Wave.1  line
gui_wv_scrollright -id  Wave.1  line
gui_wv_scrollright -id  Wave.1  line
gui_wv_scrollright -id  Wave.1  line
gui_wv_scrollright -id  Wave.1  line
gui_wv_scrollright -id  Wave.1  line
gui_wv_scrollright -id  Wave.1  line
gui_wv_scrollright -id  Wave.1  line
gui_wv_scrollright -id  Wave.1  line
gui_wv_scrollright -id  Wave.1  line
gui_wv_scrollright -id  Wave.1  line
gui_wv_scrollright -id  Wave.1  line
gui_wv_scrollright -id  Wave.1  line
gui_wv_scrollright -id  Wave.1  line
gui_wv_scrollright -id  Wave.1  line
gui_wv_scrollright -id  Wave.1  line
gui_wv_scrollright -id  Wave.1  line
gui_wv_scrollleft -id  Wave.1  page
gui_wv_scrollleft -id  Wave.1  page
gui_wv_scrollleft -id  Wave.1  page
gui_wv_scrollleft -id  Wave.1  page
gui_wv_scrollleft -id  Wave.1  line
gui_wv_scrollleft -id  Wave.1  line
gui_wv_scrollleft -id  Wave.1  line
gui_wv_scrollleft -id  Wave.1  line
gui_wv_scrollleft -id  Wave.1  line
gui_wv_scrollleft -id  Wave.1  line
gui_wv_scrollleft -id  Wave.1  line
gui_wv_scrollleft -id  Wave.1  line
gui_wv_scrollleft -id  Wave.1  line
gui_wv_scrollleft -id  Wave.1  line
gui_wv_scrollleft -id  Wave.1  line
gui_wv_scrollleft -id  Wave.1  line
gui_wv_scrollleft -id  Wave.1  line
gui_wv_scrollleft -id  Wave.1  line
gui_wv_scrollleft -id  Wave.1  line
gui_wv_scrollleft -id  Wave.1  line
gui_wv_scrollleft -id  Wave.1  line
gui_wv_scrollleft -id  Wave.1  line
gui_wv_scrollleft -id  Wave.1  line
gui_wv_scrollleft -id  Wave.1  line
gui_wv_scrollleft -id  Wave.1  line
gui_wv_scrollleft -id  Wave.1  line
gui_wv_scrollleft -id  Wave.1  line
gui_wv_scrollleft -id  Wave.1  line
gui_wv_scrollleft -id  Wave.1  line
gui_wv_scrollright -id  Wave.1  line
gui_wv_scrollright -id  Wave.1  line
gui_wv_scrollright -id  Wave.1  line
gui_wv_scrollright -id  Wave.1  line
gui_wv_scrollright -id  Wave.1  line
gui_wv_scrollright -id  Wave.1  line
gui_wv_scrollright -id  Wave.1  line
gui_list_select -id Wave.1 -selected  { {top.u0.r_cnt[10:0]}   }
gui_wv_scrollright -id  Wave.1  line
gui_wv_scrollright -id  Wave.1  line
gui_wv_scrollright -id  Wave.1  line
gui_wv_scrollright -id  Wave.1  line
gui_wv_scrollright -id  Wave.1  line
gui_wv_scrollright -id  Wave.1  line
gui_wv_scrollright -id  Wave.1  line
gui_wv_scrollright -id  Wave.1  line
gui_wv_scrollright -id  Wave.1  line
gui_wv_scrollright -id  Wave.1  line
gui_wv_scrollright -id  Wave.1  line
gui_wv_scrollright -id  Wave.1  line
gui_wv_scrollright -id  Wave.1  line
gui_wv_scrollright -id  Wave.1  line
gui_wv_scrollright -id  Wave.1  line
gui_wv_scrollright -id  Wave.1  line
gui_wv_scrollright -id  Wave.1  line
gui_wv_scrollright -id  Wave.1  line
gui_wv_scrollright -id  Wave.1  line
gui_wv_scrollright -id  Wave.1  line
gui_wv_scrollright -id  Wave.1  line
gui_wv_scrollright -id  Wave.1  line
gui_wv_scrollright -id  Wave.1  line
gui_wv_scrollright -id  Wave.1  line
gui_wv_scrollright -id  Wave.1  line
gui_wv_scrollright -id  Wave.1  line
gui_wv_scrollright -id  Wave.1  line
gui_wv_scrollright -id  Wave.1  line
gui_wv_scrollright -id  Wave.1  line
gui_wv_scrollright -id  Wave.1  line
gui_wv_scrollright -id  Wave.1  line
gui_wv_scrollright -id  Wave.1  line
gui_wv_scrollright -id  Wave.1  line
gui_wv_scrollright -id  Wave.1  line
gui_wv_scrollright -id  Wave.1  line
gui_wv_scrollright -id  Wave.1  line
gui_wv_scrollright -id  Wave.1  line
gui_wv_scrollright -id  Wave.1  line
gui_wv_scrollright -id  Wave.1  line
gui_wv_scrollright -id  Wave.1  line
gui_wv_scrollright -id  Wave.1  line
gui_marker_move -id  Wave.1 C1 384396
gui_marker_move -id  Wave.1 C1 384155
gui_marker_move -id  Wave.1 C1 384405
gui_list_select -id Wave.1 -selected  { top.u0.c_r_en   }
gui_marker_move -id  Wave.1 C1 384395
gui_list_select -id Data.1 -selected  { {top.u0.temp_flip[19:0]}   }
gui_list_create_group_when_add -wave -disable
gui_list_add -id Wave.1 -from Data.1 { {top.u0.temp_flip[19:0]} } -insertionbar
gui_list_select -id Wave.1 -selected  { {top.u0.temp_flip[19:0]}   }
gui_zoom -window Wave.1 -factor 2
gui_list_select -id Wave.1 -selected  { top.u0.c_r_en   }
gui_wv_scrollleft -id  Wave.1  line
gui_wv_scrollleft -id  Wave.1  line
gui_wv_scrollleft -id  Wave.1  line
gui_wv_scrollleft -id  Wave.1  line
gui_wv_scrollleft -id  Wave.1  line
gui_wv_scrollleft -id  Wave.1  line
gui_wv_scrollleft -id  Wave.1  line
gui_wv_scrollleft -id  Wave.1  line
gui_wv_scrollleft -id  Wave.1  line
gui_wv_scrollleft -id  Wave.1  line
gui_wv_scrollleft -id  Wave.1  line
gui_wv_scrollleft -id  Wave.1  line
gui_wv_scrollright -id  Wave.1  line
gui_wv_scrollright -id  Wave.1  line
gui_wv_scrollright -id  Wave.1  line
gui_wv_scrollright -id  Wave.1  line
gui_wv_scrollright -id  Wave.1  line
gui_wv_scrollright -id  Wave.1  line
gui_wv_scrollright -id  Wave.1  line
gui_wv_scrollright -id  Wave.1  line
gui_wv_scrollright -id  Wave.1  line
gui_wv_scrollright -id  Wave.1  line
gui_list_select -id Wave.1 -selected  { {top.u0.r_ptr[10:0]}   }
gui_wv_scrollright -id  Wave.1  line
gui_wv_scrollright -id  Wave.1  line
gui_wv_scrollright -id  Wave.1  line
gui_wv_scrollright -id  Wave.1  line
gui_wv_scrollright -id  Wave.1  line
gui_wv_scrollright -id  Wave.1  line
gui_wv_scrollright -id  Wave.1  line
gui_wv_scrollright -id  Wave.1  line
gui_wv_scrollright -id  Wave.1  line
gui_wv_scrollright -id  Wave.1  line
gui_wv_scrollright -id  Wave.1  line
gui_wv_scrollright -id  Wave.1  line
gui_wv_scrollright -id  Wave.1  line
gui_wv_scrollright -id  Wave.1  line
gui_wv_scrollright -id  Wave.1  line
gui_wv_scrollright -id  Wave.1  line
gui_wv_scrollright -id  Wave.1  line
gui_wv_scrollleft -id  Wave.1  line
gui_wv_scrollleft -id  Wave.1  line
gui_wv_scrollleft -id  Wave.1  line
gui_wv_scrollleft -id  Wave.1  line
gui_wv_scrollleft -id  Wave.1  line
gui_wv_scrollleft -id  Wave.1  line
gui_wv_scrollleft -id  Wave.1  line
gui_wv_scrollleft -id  Wave.1  line
gui_wv_scrollleft -id  Wave.1  line
gui_wv_scrollright -id  Wave.1  line
gui_wv_scrollright -id  Wave.1  line
gui_wv_scrollright -id  Wave.1  line
gui_wv_scrollright -id  Wave.1  line
gui_wv_scrollright -id  Wave.1  line
gui_wv_scrollright -id  Wave.1  line
gui_wv_scrollright -id  Wave.1  line
gui_wv_scrollright -id  Wave.1  line
gui_wv_scrollright -id  Wave.1  line
gui_wv_scrollright -id  Wave.1  line
gui_wv_scrollright -id  Wave.1  line
gui_wv_scrollright -id  Wave.1  line
gui_wv_scrollright -id  Wave.1  line
gui_wv_scrollright -id  Wave.1  line
gui_wv_scrollright -id  Wave.1  line
gui_wv_scrollright -id  Wave.1  line
gui_wv_scrollright -id  Wave.1  line
gui_wv_scrollright -id  Wave.1  line
gui_wv_scrollright -id  Wave.1  line
gui_list_select -id Wave.1 -selected  { top.u0.c_r_en   }
gui_marker_move -id  Wave.1 C1 384635
gui_list_select -id Wave.1 -selected  { {top.u0.r_cnt[10:0]}   }
gui_save_session -reload -default_file
gui_set_pref_value -category {Globals} -key {use_mhpi_lookup} -value {false}
gui_set_pref_value -category {Globals} -key {use_mhpi_lookup} -value {true}
gui_list_select -id Wave.1 -selected  { {top.result[19:0]}   }
gui_list_select -id Wave.1 -selected  { top.u0.c_r_en   }
gui_wv_scrollleft -id  Wave.1  line
gui_wv_scrollleft -id  Wave.1  line
gui_wv_scrollleft -id  Wave.1  line
gui_wv_scrollleft -id  Wave.1  line
gui_wv_scrollleft -id  Wave.1  line
gui_wv_scrollleft -id  Wave.1  line
gui_wv_scrollleft -id  Wave.1  line
gui_list_select -id Wave.1 -selected  { {top.u0.t_cnt[10:0]}   }
gui_list_select -id Wave.1 -selected  { top.u0.c_r_en   }
gui_wv_scrollleft -id  Wave.1  line
gui_wv_scrollleft -id  Wave.1  line
gui_wv_scrollleft -id  Wave.1  line
gui_wv_scrollleft -id  Wave.1  line
gui_wv_scrollleft -id  Wave.1  line
gui_wv_scrollleft -id  Wave.1  line
gui_wv_scrollleft -id  Wave.1  line
gui_wv_scrollleft -id  Wave.1  line
gui_wv_scrollleft -id  Wave.1  line
gui_wv_scrollleft -id  Wave.1  line
gui_wv_scrollleft -id  Wave.1  line
gui_marker_move -id  Wave.1 C1 384385
gui_save_session -reload -default_file
gui_set_pref_value -category {Globals} -key {use_mhpi_lookup} -value {false}
gui_set_pref_value -category {Globals} -key {use_mhpi_lookup} -value {true}
gui_marker_move -id  Wave.1 C1 384448
gui_list_select -id Wave.1 -selected  { {top.u0.result[18:0]}   }
gui_zoom -window Wave.1 -factor 2
gui_zoom -window Wave.1 -factor 0.5
gui_zoom -window Wave.1 -factor 0.5
gui_zoom -window Wave.1 -factor 0.5
gui_zoom -window Wave.1 -factor 0.5
gui_wv_scroll_hslidermove -id  Wave.1 42613518
gui_marker_move -id  Wave.1 C1 65536135
gui_marker_move -id  Wave.1 C1 65536149
gui_zoom -window Wave.1 -factor 2
gui_zoom -window Wave.1 -factor 2
gui_zoom -window Wave.1 -factor 2
gui_zoom -window Wave.1 -factor 2
gui_zoom -window Wave.1 -factor 2
gui_zoom -window Wave.1 -factor 2
gui_wv_zoom_timerange -id  Wave.1 65536113 65536142
