The file '/home/khk1262/verilog/con_test_lb.vpd' was opened successfully.
The file '/home/khk1262/verilog/con_test_lb.vpd' was opened successfully.
Error: [DVAP037] 
Errors while sourcing the file '/home/khk1262/verilog/DVEfiles/session.tcl':

 Line 113: [DVSG007] 
Signal ' "top.u0.f_cnt"' cannot be found.
 Line 182: gui_list_select: List item(s) given by "top.u0.f_cnt"  were not found..
Warning: [DVWW010] 
Seek hit end of values with no more matches.
Warning: [DVWW010] 
Seek hit end of values with no more matches.
Warning: [DVWW009] 
Seek hit time zero with no more matches.
Warning: [DVWW010] 
Seek hit end of values with no more matches.
With selected criteria, DVE has found 'results at time 383905
    top.u0.r_cnt[10:0]'.
The file '/home/khk1262/verilog/con_test_lb.vpd' was opened successfully.
The file '/home/khk1262/verilog/con_test_lb.vpd' was opened successfully.
Warning: [DVDB161] 
The internal static design database from "/home/khk1262/verilog/simv.daidir" was created with '-full64' and cannot be loaded.
Simulator version 'N-2017.12-SP2-13_Full64' mismatch with VCS installation 'N-2017.12-SP2-13'.
Simulator version file: '/home/khk1262/verilog/simv.daidir/debug_dump/.version'.

Please restart DVE using the '-full64' option.
Warning: [DVSW307] 
Could not find any driver for signal: 'top.result[19:0]'.
With selected criteria, DVE has found 'results at time 383905
    top.u0.r_ptr[10:0]'.
Warning: [DVDB161] 
The internal static design database from "/home/khk1262/verilog/simv.daidir" was created with '-full64' and cannot be loaded.
Simulator version 'N-2017.12-SP2-13_Full64' mismatch with VCS installation 'N-2017.12-SP2-13'.
Simulator version file: '/home/khk1262/verilog/simv.daidir/debug_dump/.version'.

Please restart DVE using the '-full64' option.
Warning: [DVSW307] 
Could not find any driver for signal: 'top.u0.r_cnt[10:0]'.
With selected criteria, DVE has found 'results at time 511405
    top.u0.r_cnt[10:0]'.
With selected criteria, DVE has found 'results at time 511405
    top.u0.r_cnt[10:0]'.
With selected criteria, DVE has found 'results at time 383905
    top.u0.r_cnt[10:0]'.
Warning: [DVWW009] 
Seek hit time zero with no more matches.
Warning: [DVWW009] 
Seek hit time zero with no more matches.
Warning: [DVWW009] 
Seek hit time zero with no more matches.
Warning: [DVWW009] 
Seek hit time zero with no more matches.
Warning: [DVWW009] 
Seek hit time zero with no more matches.
Warning: [DVWW009] 
Seek hit time zero with no more matches.
With selected criteria, DVE has found 'results at time 511405
    top.u0.r_cnt[10:0]'.
With selected criteria, DVE has found 'results at time 383905
    top.u0.r_cnt[10:0]'.
Warning: [DVWW009] 
Seek hit time zero with no more matches.
Warning: [DVWW009] 
Seek hit time zero with no more matches.
With selected criteria, DVE has found 'results at time 511405
    top.u0.r_cnt[10:0]'.
With selected criteria, DVE has found 'results at time 383905
    top.u0.r_cnt[10:0]'.
With selected criteria, DVE has found 'results at time 511405
    top.u0.r_cnt[10:0]'.
The file '/home/khk1262/verilog/con_test_lb.vpd' was opened successfully.
Warning: [DVWW009] 
Seek hit time zero with no more matches.
With selected criteria, DVE has found 'results at time 511405
    top.u0.r_cnt[10:0]'.
With selected criteria, DVE has found 'results at time 383905
    top.u0.r_cnt[10:0]'.
Warning: [DVWW009] 
Seek hit time zero with no more matches.
Warning: [DVWW009] 
Seek hit time zero with no more matches.
Warning: [DVWW009] 
Seek hit time zero with no more matches.
Warning: [DVWW009] 
Seek hit time zero with no more matches.
The file '/home/khk1262/verilog/con_test_lb.vpd' was opened successfully.
Warning: [DVWW009] 
Seek hit time zero with no more matches.
Warning: [DVWW009] 
Seek hit time zero with no more matches.
Warning: [DVWW009] 
Seek hit time zero with no more matches.
Warning: [DVWW009] 
Seek hit time zero with no more matches.
Warning: [DVWW009] 
Seek hit time zero with no more matches.
Warning: [DVWW009] 
Seek hit time zero with no more matches.
Warning: [DVWW009] 
Seek hit time zero with no more matches.
Warning: [DVWW009] 
Seek hit time zero with no more matches.
Warning: [DVWW009] 
Seek hit time zero with no more matches.
Warning: [DVWW009] 
Seek hit time zero with no more matches.
Warning: [DVWW009] 
Seek hit time zero with no more matches.
Warning: [DVWW009] 
Seek hit time zero with no more matches.
Warning: [DVWW009] 
Seek hit time zero with no more matches.
With selected criteria, DVE has found 'results at time 511405
    top.u0.r_cnt[10:0]'.
With selected criteria, DVE has found 'results at time 383905
    top.u0.r_cnt[10:0]'.
Warning: [DVWW009] 
Seek hit time zero with no more matches.
Warning: [DVWW010] 
Seek hit end of values with no more matches.
With selected criteria, DVE has found 'results at time 511405
    top.u0.r_cnt[10:0]'.
With selected criteria, DVE has found 'results at time 511405
    top.u0.r_cnt[10:0]'.
With selected criteria, DVE has found 'results at time 383905
    top.u0.r_cnt[10:0]'.
Warning: [DVWW009] 
Seek hit time zero with no more matches.
Warning: [DVWW009] 
Seek hit time zero with no more matches.
Warning: [DVWW009] 
Seek hit time zero with no more matches.
Warning: [DVWW009] 
Seek hit time zero with no more matches.
Warning: [DVWW009] 
Seek hit time zero with no more matches.
The file '/home/khk1262/verilog/con_test_lb.vpd' was opened successfully.
With selected criteria, DVE has found 'results at time 383905
    top.u0.r_cnt[10:0]'.
Warning: [DVWW009] 
Seek hit time zero with no more matches.
Warning: [DVWW009] 
Seek hit time zero with no more matches.
With selected criteria, DVE has found 'results at time 511405
    top.u0.r_cnt[10:0]'.
With selected criteria, DVE has found 'results at time 511405
    top.u0.r_cnt[10:0]'.
With selected criteria, DVE has found 'results at time 383905
    top.u0.r_cnt[10:0]'.
Warning: [DVWW009] 
Seek hit time zero with no more matches.
With selected criteria, DVE has found 'results at time 511405
    top.u0.r_cnt[10:0]'.
The file '/home/khk1262/verilog/con_test_lb.vpd' was opened successfully.
With selected criteria, DVE has found 'results at time 383905
    top.u0.r_cnt[10:0]'.
Warning: [DVWW009] 
Seek hit time zero with no more matches.
Warning: [DVWW009] 
Seek hit time zero with no more matches.
Warning: [DVWW009] 
Seek hit time zero with no more matches.
With selected criteria, DVE has found 'results at time 511405
    top.u0.r_cnt[10:0]'.
With selected criteria, DVE has found 'results at time 383905
    top.u0.r_cnt[10:0]'.
With selected criteria, DVE has found 'results at time 511405
    top.u0.r_cnt[10:0]'.
With selected criteria, DVE has found 'results at time 383905
    top.u0.r_cnt[10:0]'.
Warning: [DVWW009] 
Seek hit time zero with no more matches.
Warning: [DVWW009] 
Seek hit time zero with no more matches.
Warning: [DVWW009] 
Seek hit time zero with no more matches.
Warning: [DVWW009] 
Seek hit time zero with no more matches.
With selected criteria, DVE has found 'results at time 640655
    top.u0.r_ptr[10:0]'.
With selected criteria, DVE has found 'results at time 638905
    top.u0.r_cnt[10:0]'.
With selected criteria, DVE has found 'results at time 766405
    top.u0.r_cnt[10:0]'.
With selected criteria, DVE has found 'results at time 638905
    top.u0.r_cnt[10:0]'.
With selected criteria, DVE has found 'results at time 511405
    top.u0.r_cnt[10:0]'.
With selected criteria, DVE has found 'results at time 383905
    top.u0.r_cnt[10:0]'.
Warning: [DVWW009] 
Seek hit time zero with no more matches.
Warning: [DVWW009] 
Seek hit time zero with no more matches.
Warning: [DVWW009] 
Seek hit time zero with no more matches.
Warning: [DVWW009] 
Seek hit time zero with no more matches.
With selected criteria, DVE has found 'results at time 511405
    top.u0.r_cnt[10:0]'.
With selected criteria, DVE has found 'results at time 638905
    top.u0.r_cnt[10:0]'.
The file '/home/khk1262/verilog/con_test_lb.vpd' was opened successfully.
With selected criteria, DVE has found 'results at time 638905
    top.u0.r_cnt[10:0]'.
With selected criteria, DVE has found 'results at time 511405
    top.u0.r_cnt[10:0]'.
With selected criteria, DVE has found 'results at time 383905
    top.u0.r_cnt[10:0]'.
Warning: [DVWW009] 
Seek hit time zero with no more matches.
Warning: [DVWW009] 
Seek hit time zero with no more matches.
Warning: [DVWW009] 
Seek hit time zero with no more matches.
Warning: [DVWW009] 
Seek hit time zero with no more matches.
The file '/home/khk1262/verilog/con_test_lb.vpd' was opened successfully.
Warning: [DVWW009] 
Seek hit time zero with no more matches.
Warning: [DVWW010] 
Seek hit end of values with no more matches.
With selected criteria, DVE has found 'results at time 383905
    top.u0.r_cnt[10:0]'.
Warning: [DVWW009] 
Seek hit time zero with no more matches.
Warning: [DVWW009] 
Seek hit time zero with no more matches.
Warning: [DVWW009] 
Seek hit time zero with no more matches.
Warning: [DVWW009] 
Seek hit time zero with no more matches.
With selected criteria, DVE has found 'results at time 511405
    top.u0.r_cnt[10:0]'.
With selected criteria, DVE has found 'results at time 383905
    top.u0.r_cnt[10:0]'.
With selected criteria, DVE has found 'results at time 511405
    top.u0.r_cnt[10:0]'.
With selected criteria, DVE has found 'results at time 511405
    top.u0.r_cnt[10:0]'.
With selected criteria, DVE has found 'results at time 383905
    top.u0.r_cnt[10:0]'.
Warning: [DVWW009] 
Seek hit time zero with no more matches.
Warning: [DVWW009] 
Seek hit time zero with no more matches.
The file '/home/khk1262/verilog/con_test_lb.vpd' was opened successfully.
With selected criteria, DVE has found 'results at time 383905
    top.u0.r_cnt[10:0]'.
Warning: [DVWW009] 
Seek hit time zero with no more matches.
Warning: [DVWW009] 
Seek hit time zero with no more matches.
Warning: [DVWW009] 
Seek hit time zero with no more matches.
The file '/home/khk1262/verilog/con_test_lb.vpd' was opened successfully.
With selected criteria, DVE has found 'results at time 383905
    top.u0.r_cnt[10:0]'.
The file '/home/khk1262/verilog/con_test_lb.vpd' was opened successfully.
With selected criteria, DVE has found 'results at time 383905
    top.u0.r_cnt[10:0]'.
Warning: [DVWW009] 
Seek hit time zero with no more matches.
Warning: [DVWW009] 
Seek hit time zero with no more matches.
Warning: [DVWW009] 
Seek hit time zero with no more matches.
Warning: [DVWW009] 
Seek hit time zero with no more matches.
The file '/home/khk1262/verilog/con_test_lb.vpd' was opened successfully.
The file '/home/khk1262/verilog/con_test_lb.vpd' was opened successfully.
